{"/Users/glauco.torres/git/pganalytics-v3/frontend/src/components/ChangePasswordForm.tsx": {"path":"/Users/glauco.torres/git/pganalytics-v3/frontend/src/components/ChangePasswordForm.tsx","all":false,"statementMap":{"0":{"start":{"line":1,"column":0},"end":{"line":1,"column":39}},"1":{"start":{"line":2,"column":0},"end":{"line":2,"column":61}},"2":{"start":{"line":3,"column":0},"end":{"line":3,"column":0}},"3":{"start":{"line":4,"column":0},"end":{"line":4,"column":35}},"4":{"start":{"line":5,"column":0},"end":{"line":5,"column":38}},"5":{"start":{"line":6,"column":0},"end":{"line":6,"column":36}},"6":{"start":{"line":7,"column":0},"end":{"line":7,"column":1}},"7":{"start":{"line":8,"column":0},"end":{"line":8,"column":0}},"8":{"start":{"line":9,"column":0},"end":{"line":9,"column":98}},"9":{"start":{"line":10,"column":0},"end":{"line":10,"column":44}},"10":{"start":{"line":11,"column":0},"end":{"line":11,"column":20}},"11":{"start":{"line":12,"column":0},"end":{"line":12,"column":20}},"12":{"start":{"line":13,"column":0},"end":{"line":13,"column":24}},"13":{"start":{"line":14,"column":0},"end":{"line":14,"column":4}},"14":{"start":{"line":15,"column":0},"end":{"line":15,"column":47}},"15":{"start":{"line":16,"column":0},"end":{"line":16,"column":54}},"16":{"start":{"line":17,"column":0},"end":{"line":17,"column":15}},"17":{"start":{"line":18,"column":0},"end":{"line":18,"column":15}},"18":{"start":{"line":19,"column":0},"end":{"line":19,"column":19}},"19":{"start":{"line":20,"column":0},"end":{"line":20,"column":4}},"20":{"start":{"line":21,"column":0},"end":{"line":21,"column":69}},"21":{"start":{"line":22,"column":0},"end":{"line":22,"column":0}},"22":{"start":{"line":23,"column":0},"end":{"line":23,"column":39}},"23":{"start":{"line":24,"column":0},"end":{"line":24,"column":51}},"24":{"start":{"line":25,"column":0},"end":{"line":25,"column":0}},"25":{"start":{"line":26,"column":0},"end":{"line":26,"column":32}},"26":{"start":{"line":27,"column":0},"end":{"line":27,"column":60}},"27":{"start":{"line":28,"column":0},"end":{"line":28,"column":5}},"28":{"start":{"line":29,"column":0},"end":{"line":29,"column":0}},"29":{"start":{"line":30,"column":0},"end":{"line":30,"column":32}},"30":{"start":{"line":31,"column":0},"end":{"line":31,"column":56}},"31":{"start":{"line":32,"column":0},"end":{"line":32,"column":49}},"32":{"start":{"line":33,"column":0},"end":{"line":33,"column":70}},"33":{"start":{"line":34,"column":0},"end":{"line":34,"column":5}},"34":{"start":{"line":35,"column":0},"end":{"line":35,"column":0}},"35":{"start":{"line":36,"column":0},"end":{"line":36,"column":36}},"36":{"start":{"line":37,"column":0},"end":{"line":37,"column":64}},"37":{"start":{"line":38,"column":0},"end":{"line":38,"column":5}},"38":{"start":{"line":39,"column":0},"end":{"line":39,"column":0}},"39":{"start":{"line":40,"column":0},"end":{"line":40,"column":112}},"40":{"start":{"line":41,"column":0},"end":{"line":41,"column":58}},"41":{"start":{"line":42,"column":0},"end":{"line":42,"column":5}},"42":{"start":{"line":43,"column":0},"end":{"line":43,"column":0}},"43":{"start":{"line":44,"column":0},"end":{"line":44,"column":104}},"44":{"start":{"line":45,"column":0},"end":{"line":45,"column":84}},"45":{"start":{"line":46,"column":0},"end":{"line":46,"column":5}},"46":{"start":{"line":47,"column":0},"end":{"line":47,"column":0}},"47":{"start":{"line":48,"column":0},"end":{"line":48,"column":24}},"48":{"start":{"line":49,"column":0},"end":{"line":49,"column":46}},"49":{"start":{"line":50,"column":0},"end":{"line":50,"column":3}},"50":{"start":{"line":51,"column":0},"end":{"line":51,"column":0}},"51":{"start":{"line":52,"column":0},"end":{"line":52,"column":68}},"52":{"start":{"line":53,"column":0},"end":{"line":53,"column":36}},"53":{"start":{"line":54,"column":0},"end":{"line":54,"column":26}},"54":{"start":{"line":55,"column":0},"end":{"line":55,"column":14}},"55":{"start":{"line":56,"column":0},"end":{"line":56,"column":20}},"56":{"start":{"line":57,"column":0},"end":{"line":57,"column":7}},"57":{"start":{"line":58,"column":0},"end":{"line":58,"column":57}},"58":{"start":{"line":59,"column":0},"end":{"line":59,"column":23}},"59":{"start":{"line":60,"column":0},"end":{"line":60,"column":25}},"60":{"start":{"line":61,"column":0},"end":{"line":61,"column":37}},"61":{"start":{"line":62,"column":0},"end":{"line":62,"column":30}},"62":{"start":{"line":63,"column":0},"end":{"line":63,"column":24}},"63":{"start":{"line":64,"column":0},"end":{"line":64,"column":8}},"64":{"start":{"line":65,"column":0},"end":{"line":65,"column":5}},"65":{"start":{"line":66,"column":0},"end":{"line":66,"column":3}},"66":{"start":{"line":67,"column":0},"end":{"line":67,"column":0}},"67":{"start":{"line":68,"column":0},"end":{"line":68,"column":54}},"68":{"start":{"line":69,"column":0},"end":{"line":69,"column":22}},"69":{"start":{"line":70,"column":0},"end":{"line":70,"column":0}},"70":{"start":{"line":71,"column":0},"end":{"line":71,"column":26}},"71":{"start":{"line":72,"column":0},"end":{"line":72,"column":12}},"72":{"start":{"line":73,"column":0},"end":{"line":73,"column":5}},"73":{"start":{"line":74,"column":0},"end":{"line":74,"column":0}},"74":{"start":{"line":75,"column":0},"end":{"line":75,"column":20}},"75":{"start":{"line":76,"column":0},"end":{"line":76,"column":9}},"76":{"start":{"line":77,"column":0},"end":{"line":77,"column":68}},"77":{"start":{"line":78,"column":0},"end":{"line":78,"column":23}},"78":{"start":{"line":79,"column":0},"end":{"line":79,"column":18}},"79":{"start":{"line":80,"column":0},"end":{"line":80,"column":45}},"80":{"start":{"line":81,"column":0},"end":{"line":81,"column":74}},"81":{"start":{"line":82,"column":0},"end":{"line":82,"column":10}},"82":{"start":{"line":83,"column":0},"end":{"line":83,"column":30}},"83":{"start":{"line":84,"column":0},"end":{"line":84,"column":45}},"84":{"start":{"line":85,"column":0},"end":{"line":85,"column":45}},"85":{"start":{"line":86,"column":0},"end":{"line":86,"column":11}},"86":{"start":{"line":87,"column":0},"end":{"line":87,"column":8}},"87":{"start":{"line":88,"column":0},"end":{"line":88,"column":0}},"88":{"start":{"line":89,"column":0},"end":{"line":89,"column":25}},"89":{"start":{"line":90,"column":0},"end":{"line":90,"column":47}},"90":{"start":{"line":91,"column":0},"end":{"line":91,"column":73}},"91":{"start":{"line":92,"column":0},"end":{"line":92,"column":7}},"92":{"start":{"line":93,"column":0},"end":{"line":93,"column":0}},"93":{"start":{"line":94,"column":0},"end":{"line":94,"column":19}},"94":{"start":{"line":95,"column":0},"end":{"line":95,"column":19}},"95":{"start":{"line":96,"column":0},"end":{"line":96,"column":24}},"96":{"start":{"line":97,"column":0},"end":{"line":97,"column":24}},"97":{"start":{"line":98,"column":0},"end":{"line":98,"column":28}},"98":{"start":{"line":99,"column":0},"end":{"line":99,"column":8}},"99":{"start":{"line":100,"column":0},"end":{"line":100,"column":0}},"100":{"start":{"line":101,"column":0},"end":{"line":101,"column":49}},"101":{"start":{"line":102,"column":0},"end":{"line":102,"column":21}},"102":{"start":{"line":103,"column":0},"end":{"line":103,"column":83}},"103":{"start":{"line":104,"column":0},"end":{"line":104,"column":15}},"104":{"start":{"line":105,"column":0},"end":{"line":105,"column":23}},"105":{"start":{"line":106,"column":0},"end":{"line":106,"column":5}},"106":{"start":{"line":107,"column":0},"end":{"line":107,"column":3}},"107":{"start":{"line":108,"column":0},"end":{"line":108,"column":0}},"108":{"start":{"line":109,"column":0},"end":{"line":109,"column":10}},"109":{"start":{"line":110,"column":0},"end":{"line":110,"column":63}},"110":{"start":{"line":111,"column":0},"end":{"line":111,"column":33}},"111":{"start":{"line":112,"column":0},"end":{"line":112,"column":32}},"112":{"start":{"line":113,"column":0},"end":{"line":113,"column":13}},"113":{"start":{"line":114,"column":0},"end":{"line":114,"column":96}},"114":{"start":{"line":115,"column":0},"end":{"line":115,"column":28}},"115":{"start":{"line":116,"column":0},"end":{"line":116,"column":18}},"116":{"start":{"line":117,"column":0},"end":{"line":117,"column":36}},"117":{"start":{"line":118,"column":0},"end":{"line":118,"column":18}},"118":{"start":{"line":119,"column":0},"end":{"line":119,"column":60}},"119":{"start":{"line":120,"column":0},"end":{"line":120,"column":30}},"120":{"start":{"line":121,"column":0},"end":{"line":121,"column":32}},"121":{"start":{"line":122,"column":0},"end":{"line":122,"column":42}},"122":{"start":{"line":123,"column":0},"end":{"line":123,"column":37}},"123":{"start":{"line":124,"column":0},"end":{"line":124,"column":55}},"124":{"start":{"line":125,"column":0},"end":{"line":125,"column":95}},"125":{"start":{"line":126,"column":0},"end":{"line":126,"column":34}},"126":{"start":{"line":127,"column":0},"end":{"line":127,"column":55}},"127":{"start":{"line":128,"column":0},"end":{"line":128,"column":57}},"128":{"start":{"line":129,"column":0},"end":{"line":129,"column":17}},"129":{"start":{"line":130,"column":0},"end":{"line":130,"column":32}},"130":{"start":{"line":131,"column":0},"end":{"line":131,"column":14}},"131":{"start":{"line":132,"column":0},"end":{"line":132,"column":19}},"132":{"start":{"line":133,"column":0},"end":{"line":133,"column":27}},"133":{"start":{"line":134,"column":0},"end":{"line":134,"column":85}},"134":{"start":{"line":135,"column":0},"end":{"line":135,"column":111}},"135":{"start":{"line":136,"column":0},"end":{"line":136,"column":32}},"136":{"start":{"line":137,"column":0},"end":{"line":137,"column":13}},"137":{"start":{"line":138,"column":0},"end":{"line":138,"column":32}},"138":{"start":{"line":139,"column":0},"end":{"line":139,"column":21}},"139":{"start":{"line":140,"column":0},"end":{"line":140,"column":16}},"140":{"start":{"line":141,"column":0},"end":{"line":141,"column":34}},"141":{"start":{"line":142,"column":0},"end":{"line":142,"column":77}},"142":{"start":{"line":143,"column":0},"end":{"line":143,"column":60}},"143":{"start":{"line":144,"column":0},"end":{"line":144,"column":16}},"144":{"start":{"line":145,"column":0},"end":{"line":145,"column":12}},"145":{"start":{"line":146,"column":0},"end":{"line":146,"column":14}},"146":{"start":{"line":147,"column":0},"end":{"line":147,"column":0}},"147":{"start":{"line":148,"column":0},"end":{"line":148,"column":28}},"148":{"start":{"line":149,"column":0},"end":{"line":149,"column":13}},"149":{"start":{"line":150,"column":0},"end":{"line":150,"column":96}},"150":{"start":{"line":151,"column":0},"end":{"line":151,"column":24}},"151":{"start":{"line":152,"column":0},"end":{"line":152,"column":18}},"152":{"start":{"line":153,"column":0},"end":{"line":153,"column":36}},"153":{"start":{"line":154,"column":0},"end":{"line":154,"column":18}},"154":{"start":{"line":155,"column":0},"end":{"line":155,"column":60}},"155":{"start":{"line":156,"column":0},"end":{"line":156,"column":30}},"156":{"start":{"line":157,"column":0},"end":{"line":157,"column":32}},"157":{"start":{"line":158,"column":0},"end":{"line":158,"column":42}},"158":{"start":{"line":159,"column":0},"end":{"line":159,"column":37}},"159":{"start":{"line":160,"column":0},"end":{"line":160,"column":66}},"160":{"start":{"line":161,"column":0},"end":{"line":161,"column":95}},"161":{"start":{"line":162,"column":0},"end":{"line":162,"column":34}},"162":{"start":{"line":163,"column":0},"end":{"line":163,"column":55}},"163":{"start":{"line":164,"column":0},"end":{"line":164,"column":57}},"164":{"start":{"line":165,"column":0},"end":{"line":165,"column":17}},"165":{"start":{"line":166,"column":0},"end":{"line":166,"column":32}},"166":{"start":{"line":167,"column":0},"end":{"line":167,"column":14}},"167":{"start":{"line":168,"column":0},"end":{"line":168,"column":19}},"168":{"start":{"line":169,"column":0},"end":{"line":169,"column":27}},"169":{"start":{"line":170,"column":0},"end":{"line":170,"column":85}},"170":{"start":{"line":171,"column":0},"end":{"line":171,"column":111}},"171":{"start":{"line":172,"column":0},"end":{"line":172,"column":32}},"172":{"start":{"line":173,"column":0},"end":{"line":173,"column":13}},"173":{"start":{"line":174,"column":0},"end":{"line":174,"column":32}},"174":{"start":{"line":175,"column":0},"end":{"line":175,"column":21}},"175":{"start":{"line":176,"column":0},"end":{"line":176,"column":16}},"176":{"start":{"line":177,"column":0},"end":{"line":177,"column":34}},"177":{"start":{"line":178,"column":0},"end":{"line":178,"column":77}},"178":{"start":{"line":179,"column":0},"end":{"line":179,"column":60}},"179":{"start":{"line":180,"column":0},"end":{"line":180,"column":16}},"180":{"start":{"line":181,"column":0},"end":{"line":181,"column":12}},"181":{"start":{"line":182,"column":0},"end":{"line":182,"column":14}},"182":{"start":{"line":183,"column":0},"end":{"line":183,"column":0}},"183":{"start":{"line":184,"column":0},"end":{"line":184,"column":32}},"184":{"start":{"line":185,"column":0},"end":{"line":185,"column":13}},"185":{"start":{"line":186,"column":0},"end":{"line":186,"column":100}},"186":{"start":{"line":187,"column":0},"end":{"line":187,"column":32}},"187":{"start":{"line":188,"column":0},"end":{"line":188,"column":18}},"188":{"start":{"line":189,"column":0},"end":{"line":189,"column":36}},"189":{"start":{"line":190,"column":0},"end":{"line":190,"column":18}},"190":{"start":{"line":191,"column":0},"end":{"line":191,"column":64}},"191":{"start":{"line":192,"column":0},"end":{"line":192,"column":34}},"192":{"start":{"line":193,"column":0},"end":{"line":193,"column":36}},"193":{"start":{"line":194,"column":0},"end":{"line":194,"column":46}},"194":{"start":{"line":195,"column":0},"end":{"line":195,"column":37}},"195":{"start":{"line":196,"column":0},"end":{"line":196,"column":48}},"196":{"start":{"line":197,"column":0},"end":{"line":197,"column":95}},"197":{"start":{"line":198,"column":0},"end":{"line":198,"column":38}},"198":{"start":{"line":199,"column":0},"end":{"line":199,"column":55}},"199":{"start":{"line":200,"column":0},"end":{"line":200,"column":57}},"200":{"start":{"line":201,"column":0},"end":{"line":201,"column":17}},"201":{"start":{"line":202,"column":0},"end":{"line":202,"column":32}},"202":{"start":{"line":203,"column":0},"end":{"line":203,"column":14}},"203":{"start":{"line":204,"column":0},"end":{"line":204,"column":19}},"204":{"start":{"line":205,"column":0},"end":{"line":205,"column":27}},"205":{"start":{"line":206,"column":0},"end":{"line":206,"column":93}},"206":{"start":{"line":207,"column":0},"end":{"line":207,"column":111}},"207":{"start":{"line":208,"column":0},"end":{"line":208,"column":32}},"208":{"start":{"line":209,"column":0},"end":{"line":209,"column":13}},"209":{"start":{"line":210,"column":0},"end":{"line":210,"column":32}},"210":{"start":{"line":211,"column":0},"end":{"line":211,"column":21}},"211":{"start":{"line":212,"column":0},"end":{"line":212,"column":16}},"212":{"start":{"line":213,"column":0},"end":{"line":213,"column":38}},"213":{"start":{"line":214,"column":0},"end":{"line":214,"column":77}},"214":{"start":{"line":215,"column":0},"end":{"line":215,"column":64}},"215":{"start":{"line":216,"column":0},"end":{"line":216,"column":16}},"216":{"start":{"line":217,"column":0},"end":{"line":217,"column":12}},"217":{"start":{"line":218,"column":0},"end":{"line":218,"column":14}},"218":{"start":{"line":219,"column":0},"end":{"line":219,"column":0}},"219":{"start":{"line":220,"column":0},"end":{"line":220,"column":29}},"220":{"start":{"line":221,"column":0},"end":{"line":221,"column":15}},"221":{"start":{"line":222,"column":0},"end":{"line":222,"column":23}},"222":{"start":{"line":223,"column":0},"end":{"line":223,"column":28}},"223":{"start":{"line":224,"column":0},"end":{"line":224,"column":162}},"224":{"start":{"line":225,"column":0},"end":{"line":225,"column":9}},"225":{"start":{"line":226,"column":0},"end":{"line":226,"column":22}},"226":{"start":{"line":227,"column":0},"end":{"line":227,"column":69}},"227":{"start":{"line":228,"column":0},"end":{"line":228,"column":95}},"228":{"start":{"line":229,"column":0},"end":{"line":229,"column":34}},"229":{"start":{"line":230,"column":0},"end":{"line":230,"column":19}},"230":{"start":{"line":231,"column":0},"end":{"line":231,"column":15}},"231":{"start":{"line":232,"column":0},"end":{"line":232,"column":29}},"232":{"start":{"line":233,"column":0},"end":{"line":233,"column":12}},"233":{"start":{"line":234,"column":0},"end":{"line":234,"column":17}},"234":{"start":{"line":235,"column":0},"end":{"line":235,"column":12}},"235":{"start":{"line":236,"column":0},"end":{"line":236,"column":0}},"236":{"start":{"line":237,"column":0},"end":{"line":237,"column":99}},"237":{"start":{"line":238,"column":0},"end":{"line":238,"column":11}},"238":{"start":{"line":239,"column":0},"end":{"line":239,"column":142}},"239":{"start":{"line":240,"column":0},"end":{"line":240,"column":12}},"240":{"start":{"line":241,"column":0},"end":{"line":241,"column":12}},"241":{"start":{"line":242,"column":0},"end":{"line":242,"column":11}},"242":{"start":{"line":243,"column":0},"end":{"line":243,"column":3}},"243":{"start":{"line":244,"column":0},"end":{"line":244,"column":1}}},"s":{"0":1,"1":1,"2":1,"3":1,"4":1,"5":1,"6":1,"7":1,"8":1,"9":0,"10":0,"11":0,"12":0,"13":0,"14":0,"15":0,"16":0,"17":0,"18":0,"19":0,"20":0,"21":0,"22":0,"23":0,"24":0,"25":0,"26":0,"27":0,"28":0,"29":0,"30":0,"31":0,"32":0,"33":0,"34":0,"35":0,"36":0,"37":0,"38":0,"39":0,"40":0,"41":0,"42":0,"43":0,"44":0,"45":0,"46":0,"47":0,"48":0,"49":0,"50":0,"51":0,"52":0,"53":0,"54":0,"55":0,"56":0,"57":0,"58":0,"59":0,"60":0,"61":0,"62":0,"63":0,"64":0,"65":0,"66":0,"67":0,"68":0,"69":0,"70":0,"71":0,"72":0,"73":0,"74":0,"75":0,"76":0,"77":0,"78":0,"79":0,"80":0,"81":0,"82":0,"83":0,"84":0,"85":0,"86":0,"87":0,"88":0,"89":0,"90":0,"91":0,"92":0,"93":0,"94":0,"95":0,"96":0,"97":0,"98":0,"99":0,"100":0,"101":0,"102":0,"103":0,"104":0,"105":0,"106":0,"107":0,"108":0,"109":0,"110":0,"111":0,"112":0,"113":0,"114":0,"115":0,"116":0,"117":0,"118":0,"119":0,"120":0,"121":0,"122":0,"123":0,"124":0,"125":0,"126":0,"127":0,"128":0,"129":0,"130":0,"131":0,"132":0,"133":0,"134":0,"135":0,"136":0,"137":0,"138":0,"139":0,"140":0,"141":0,"142":0,"143":0,"144":0,"145":0,"146":0,"147":0,"148":0,"149":0,"150":0,"151":0,"152":0,"153":0,"154":0,"155":0,"156":0,"157":0,"158":0,"159":0,"160":0,"161":0,"162":0,"163":0,"164":0,"165":0,"166":0,"167":0,"168":0,"169":0,"170":0,"171":0,"172":0,"173":0,"174":0,"175":0,"176":0,"177":0,"178":0,"179":0,"180":0,"181":0,"182":0,"183":0,"184":0,"185":0,"186":0,"187":0,"188":0,"189":0,"190":0,"191":0,"192":0,"193":0,"194":0,"195":0,"196":0,"197":0,"198":0,"199":0,"200":0,"201":0,"202":0,"203":0,"204":0,"205":0,"206":0,"207":0,"208":0,"209":0,"210":0,"211":0,"212":0,"213":0,"214":0,"215":0,"216":0,"217":0,"218":0,"219":0,"220":0,"221":0,"222":0,"223":0,"224":0,"225":0,"226":0,"227":0,"228":0,"229":0,"230":0,"231":0,"232":0,"233":0,"234":0,"235":0,"236":0,"237":0,"238":0,"239":0,"240":0,"241":0,"242":0,"243":0},"branchMap":{},"b":{},"fnMap":{"0":{"name":"ChangePasswordForm","decl":{"start":{"line":9,"column":69},"end":{"line":244,"column":1}},"loc":{"start":{"line":9,"column":69},"end":{"line":244,"column":1}},"line":9}},"f":{"0":0}}
,"/Users/glauco.torres/git/pganalytics-v3/frontend/src/components/CollectorForm.tsx": {"path":"/Users/glauco.torres/git/pganalytics-v3/frontend/src/components/CollectorForm.tsx","all":false,"statementMap":{"0":{"start":{"line":1,"column":0},"end":{"line":1,"column":39}},"1":{"start":{"line":2,"column":0},"end":{"line":2,"column":41}},"2":{"start":{"line":3,"column":0},"end":{"line":3,"column":53}},"3":{"start":{"line":4,"column":0},"end":{"line":4,"column":23}},"4":{"start":{"line":5,"column":0},"end":{"line":5,"column":63}},"5":{"start":{"line":6,"column":0},"end":{"line":6,"column":43}},"6":{"start":{"line":7,"column":0},"end":{"line":7,"column":83}},"7":{"start":{"line":8,"column":0},"end":{"line":8,"column":0}},"8":{"start":{"line":9,"column":0},"end":{"line":9,"column":34}},"9":{"start":{"line":10,"column":0},"end":{"line":10,"column":54}},"10":{"start":{"line":11,"column":0},"end":{"line":11,"column":37}},"11":{"start":{"line":12,"column":0},"end":{"line":12,"column":31}},"12":{"start":{"line":13,"column":0},"end":{"line":13,"column":37}},"13":{"start":{"line":14,"column":0},"end":{"line":14,"column":2}},"14":{"start":{"line":15,"column":0},"end":{"line":15,"column":0}},"15":{"start":{"line":16,"column":0},"end":{"line":16,"column":56}},"16":{"start":{"line":17,"column":0},"end":{"line":17,"column":0}},"17":{"start":{"line":18,"column":0},"end":{"line":18,"column":30}},"18":{"start":{"line":19,"column":0},"end":{"line":19,"column":28}},"19":{"start":{"line":20,"column":0},"end":{"line":20,"column":59}},"20":{"start":{"line":21,"column":0},"end":{"line":21,"column":34}},"21":{"start":{"line":22,"column":0},"end":{"line":22,"column":1}},"22":{"start":{"line":23,"column":0},"end":{"line":23,"column":0}},"23":{"start":{"line":24,"column":0},"end":{"line":24,"column":61}},"24":{"start":{"line":25,"column":0},"end":{"line":25,"column":21}},"25":{"start":{"line":26,"column":0},"end":{"line":26,"column":12}},"26":{"start":{"line":27,"column":0},"end":{"line":27,"column":10}},"27":{"start":{"line":28,"column":0},"end":{"line":28,"column":7}},"28":{"start":{"line":29,"column":0},"end":{"line":29,"column":53}},"29":{"start":{"line":30,"column":0},"end":{"line":30,"column":67}},"30":{"start":{"line":31,"column":0},"end":{"line":31,"column":96}},"31":{"start":{"line":32,"column":0},"end":{"line":32,"column":96}},"32":{"start":{"line":33,"column":0},"end":{"line":33,"column":0}},"33":{"start":{"line":34,"column":0},"end":{"line":34,"column":9}},"34":{"start":{"line":35,"column":0},"end":{"line":35,"column":13}},"35":{"start":{"line":36,"column":0},"end":{"line":36,"column":17}},"36":{"start":{"line":37,"column":0},"end":{"line":37,"column":10}},"37":{"start":{"line":38,"column":0},"end":{"line":38,"column":26}},"38":{"start":{"line":39,"column":0},"end":{"line":39,"column":10}},"39":{"start":{"line":40,"column":0},"end":{"line":40,"column":34}},"40":{"start":{"line":41,"column":0},"end":{"line":41,"column":43}},"41":{"start":{"line":42,"column":0},"end":{"line":42,"column":4}},"42":{"start":{"line":43,"column":0},"end":{"line":43,"column":0}},"43":{"start":{"line":44,"column":0},"end":{"line":44,"column":36}},"44":{"start":{"line":45,"column":0},"end":{"line":45,"column":0}},"45":{"start":{"line":46,"column":0},"end":{"line":46,"column":44}},"46":{"start":{"line":47,"column":0},"end":{"line":47,"column":20}},"47":{"start":{"line":48,"column":0},"end":{"line":48,"column":34}},"48":{"start":{"line":49,"column":0},"end":{"line":49,"column":12}},"49":{"start":{"line":50,"column":0},"end":{"line":50,"column":5}},"50":{"start":{"line":51,"column":0},"end":{"line":51,"column":0}},"51":{"start":{"line":52,"column":0},"end":{"line":52,"column":30}},"52":{"start":{"line":53,"column":0},"end":{"line":53,"column":31}},"53":{"start":{"line":54,"column":0},"end":{"line":54,"column":0}},"54":{"start":{"line":55,"column":0},"end":{"line":55,"column":9}},"55":{"start":{"line":56,"column":0},"end":{"line":56,"column":62}},"56":{"start":{"line":57,"column":0},"end":{"line":57,"column":56}},"57":{"start":{"line":58,"column":0},"end":{"line":58,"column":19}},"58":{"start":{"line":59,"column":0},"end":{"line":59,"column":34}},"59":{"start":{"line":60,"column":0},"end":{"line":60,"column":15}},"60":{"start":{"line":61,"column":0},"end":{"line":61,"column":33}},"61":{"start":{"line":62,"column":0},"end":{"line":62,"column":5}},"62":{"start":{"line":63,"column":0},"end":{"line":63,"column":3}},"63":{"start":{"line":64,"column":0},"end":{"line":64,"column":0}},"64":{"start":{"line":65,"column":0},"end":{"line":65,"column":55}},"65":{"start":{"line":66,"column":0},"end":{"line":66,"column":23}},"66":{"start":{"line":67,"column":0},"end":{"line":67,"column":9}},"67":{"start":{"line":68,"column":0},"end":{"line":68,"column":57}},"68":{"start":{"line":69,"column":0},"end":{"line":69,"column":41}},"69":{"start":{"line":70,"column":0},"end":{"line":70,"column":26}},"70":{"start":{"line":71,"column":0},"end":{"line":71,"column":7}},"71":{"start":{"line":72,"column":0},"end":{"line":72,"column":34}},"72":{"start":{"line":73,"column":0},"end":{"line":73,"column":13}},"73":{"start":{"line":74,"column":0},"end":{"line":74,"column":33}},"74":{"start":{"line":75,"column":0},"end":{"line":75,"column":27}},"75":{"start":{"line":76,"column":0},"end":{"line":76,"column":21}},"76":{"start":{"line":77,"column":0},"end":{"line":77,"column":83}},"77":{"start":{"line":78,"column":0},"end":{"line":78,"column":20}},"78":{"start":{"line":79,"column":0},"end":{"line":79,"column":15}},"79":{"start":{"line":80,"column":0},"end":{"line":80,"column":26}},"80":{"start":{"line":81,"column":0},"end":{"line":81,"column":5}},"81":{"start":{"line":82,"column":0},"end":{"line":82,"column":3}},"82":{"start":{"line":83,"column":0},"end":{"line":83,"column":0}},"83":{"start":{"line":84,"column":0},"end":{"line":84,"column":24}},"84":{"start":{"line":85,"column":0},"end":{"line":85,"column":12}},"85":{"start":{"line":86,"column":0},"end":{"line":86,"column":74}},"86":{"start":{"line":87,"column":0},"end":{"line":87,"column":54}},"87":{"start":{"line":88,"column":0},"end":{"line":88,"column":62}},"88":{"start":{"line":89,"column":0},"end":{"line":89,"column":102}},"89":{"start":{"line":90,"column":0},"end":{"line":90,"column":14}},"90":{"start":{"line":91,"column":0},"end":{"line":91,"column":40}},"91":{"start":{"line":92,"column":0},"end":{"line":92,"column":15}},"92":{"start":{"line":93,"column":0},"end":{"line":93,"column":87}},"93":{"start":{"line":94,"column":0},"end":{"line":94,"column":104}},"94":{"start":{"line":95,"column":0},"end":{"line":95,"column":44}},"95":{"start":{"line":96,"column":0},"end":{"line":96,"column":19}},"96":{"start":{"line":97,"column":0},"end":{"line":97,"column":16}},"97":{"start":{"line":98,"column":0},"end":{"line":98,"column":15}},"98":{"start":{"line":99,"column":0},"end":{"line":99,"column":95}},"99":{"start":{"line":100,"column":0},"end":{"line":100,"column":114}},"100":{"start":{"line":101,"column":0},"end":{"line":101,"column":37}},"101":{"start":{"line":102,"column":0},"end":{"line":102,"column":19}},"102":{"start":{"line":103,"column":0},"end":{"line":103,"column":16}},"103":{"start":{"line":104,"column":0},"end":{"line":104,"column":48}},"104":{"start":{"line":105,"column":0},"end":{"line":105,"column":80}},"105":{"start":{"line":106,"column":0},"end":{"line":106,"column":14}},"106":{"start":{"line":107,"column":0},"end":{"line":107,"column":94}},"107":{"start":{"line":108,"column":0},"end":{"line":108,"column":53}},"108":{"start":{"line":109,"column":0},"end":{"line":109,"column":51}},"109":{"start":{"line":110,"column":0},"end":{"line":110,"column":48}},"110":{"start":{"line":111,"column":0},"end":{"line":111,"column":16}},"111":{"start":{"line":112,"column":0},"end":{"line":112,"column":14}},"112":{"start":{"line":113,"column":0},"end":{"line":113,"column":15}},"113":{"start":{"line":114,"column":0},"end":{"line":114,"column":26}},"114":{"start":{"line":115,"column":0},"end":{"line":115,"column":36}},"115":{"start":{"line":116,"column":0},"end":{"line":116,"column":19}},"116":{"start":{"line":117,"column":0},"end":{"line":117,"column":12}},"117":{"start":{"line":118,"column":0},"end":{"line":118,"column":82}},"118":{"start":{"line":119,"column":0},"end":{"line":119,"column":9}},"119":{"start":{"line":120,"column":0},"end":{"line":120,"column":36}},"120":{"start":{"line":121,"column":0},"end":{"line":121,"column":17}},"121":{"start":{"line":122,"column":0},"end":{"line":122,"column":12}},"122":{"start":{"line":123,"column":0},"end":{"line":123,"column":5}},"123":{"start":{"line":124,"column":0},"end":{"line":124,"column":3}},"124":{"start":{"line":125,"column":0},"end":{"line":125,"column":0}},"125":{"start":{"line":126,"column":0},"end":{"line":126,"column":10}},"126":{"start":{"line":127,"column":0},"end":{"line":127,"column":66}},"127":{"start":{"line":128,"column":0},"end":{"line":128,"column":11}},"128":{"start":{"line":129,"column":0},"end":{"line":129,"column":72}},"129":{"start":{"line":130,"column":0},"end":{"line":130,"column":33}},"130":{"start":{"line":131,"column":0},"end":{"line":131,"column":16}},"131":{"start":{"line":132,"column":0},"end":{"line":132,"column":36}},"132":{"start":{"line":133,"column":0},"end":{"line":133,"column":16}},"133":{"start":{"line":134,"column":0},"end":{"line":134,"column":37}},"134":{"start":{"line":135,"column":0},"end":{"line":135,"column":23}},"135":{"start":{"line":136,"column":0},"end":{"line":136,"column":60}},"136":{"start":{"line":137,"column":0},"end":{"line":137,"column":126}},"137":{"start":{"line":138,"column":0},"end":{"line":138,"column":12}},"138":{"start":{"line":139,"column":0},"end":{"line":139,"column":17}},"139":{"start":{"line":140,"column":0},"end":{"line":140,"column":25}},"140":{"start":{"line":141,"column":0},"end":{"line":141,"column":42}},"141":{"start":{"line":142,"column":0},"end":{"line":142,"column":53}},"142":{"start":{"line":143,"column":0},"end":{"line":143,"column":106}},"143":{"start":{"line":144,"column":0},"end":{"line":144,"column":11}},"144":{"start":{"line":145,"column":0},"end":{"line":145,"column":88}},"145":{"start":{"line":146,"column":0},"end":{"line":146,"column":19}},"146":{"start":{"line":147,"column":0},"end":{"line":147,"column":14}},"147":{"start":{"line":148,"column":0},"end":{"line":148,"column":29}},"148":{"start":{"line":149,"column":0},"end":{"line":149,"column":80}},"149":{"start":{"line":150,"column":0},"end":{"line":150,"column":10}},"150":{"start":{"line":151,"column":0},"end":{"line":151,"column":44}},"151":{"start":{"line":152,"column":0},"end":{"line":152,"column":77}},"152":{"start":{"line":153,"column":0},"end":{"line":153,"column":59}},"153":{"start":{"line":154,"column":0},"end":{"line":154,"column":14}},"154":{"start":{"line":155,"column":0},"end":{"line":155,"column":10}},"155":{"start":{"line":156,"column":0},"end":{"line":156,"column":42}},"156":{"start":{"line":157,"column":0},"end":{"line":157,"column":75}},"157":{"start":{"line":158,"column":0},"end":{"line":158,"column":55}},"158":{"start":{"line":159,"column":0},"end":{"line":159,"column":14}},"159":{"start":{"line":160,"column":0},"end":{"line":160,"column":10}},"160":{"start":{"line":161,"column":0},"end":{"line":161,"column":12}},"161":{"start":{"line":162,"column":0},"end":{"line":162,"column":0}},"162":{"start":{"line":163,"column":0},"end":{"line":163,"column":46}},"163":{"start":{"line":164,"column":0},"end":{"line":164,"column":13}},"164":{"start":{"line":165,"column":0},"end":{"line":165,"column":74}},"165":{"start":{"line":166,"column":0},"end":{"line":166,"column":23}},"166":{"start":{"line":167,"column":0},"end":{"line":167,"column":18}},"167":{"start":{"line":168,"column":0},"end":{"line":168,"column":17}},"168":{"start":{"line":169,"column":0},"end":{"line":169,"column":40}},"169":{"start":{"line":170,"column":0},"end":{"line":170,"column":126}},"170":{"start":{"line":171,"column":0},"end":{"line":171,"column":11}},"171":{"start":{"line":172,"column":0},"end":{"line":172,"column":56}},"172":{"start":{"line":173,"column":0},"end":{"line":173,"column":60}},"173":{"start":{"line":174,"column":0},"end":{"line":174,"column":52}},"174":{"start":{"line":175,"column":0},"end":{"line":175,"column":58}},"175":{"start":{"line":176,"column":0},"end":{"line":176,"column":19}},"176":{"start":{"line":177,"column":0},"end":{"line":177,"column":14}},"177":{"start":{"line":178,"column":0},"end":{"line":178,"column":0}},"178":{"start":{"line":179,"column":0},"end":{"line":179,"column":13}},"179":{"start":{"line":180,"column":0},"end":{"line":180,"column":74}},"180":{"start":{"line":181,"column":0},"end":{"line":181,"column":17}},"181":{"start":{"line":182,"column":0},"end":{"line":182,"column":18}},"182":{"start":{"line":183,"column":0},"end":{"line":183,"column":16}},"183":{"start":{"line":184,"column":0},"end":{"line":184,"column":34}},"184":{"start":{"line":185,"column":0},"end":{"line":185,"column":23}},"185":{"start":{"line":186,"column":0},"end":{"line":186,"column":48}},"186":{"start":{"line":187,"column":0},"end":{"line":187,"column":126}},"187":{"start":{"line":188,"column":0},"end":{"line":188,"column":12}},"188":{"start":{"line":189,"column":0},"end":{"line":189,"column":14}},"189":{"start":{"line":190,"column":0},"end":{"line":190,"column":12}},"190":{"start":{"line":191,"column":0},"end":{"line":191,"column":0}},"191":{"start":{"line":192,"column":0},"end":{"line":192,"column":11}},"192":{"start":{"line":193,"column":0},"end":{"line":193,"column":72}},"193":{"start":{"line":194,"column":0},"end":{"line":194,"column":21}},"194":{"start":{"line":195,"column":0},"end":{"line":195,"column":16}},"195":{"start":{"line":196,"column":0},"end":{"line":196,"column":17}},"196":{"start":{"line":197,"column":0},"end":{"line":197,"column":38}},"197":{"start":{"line":198,"column":0},"end":{"line":198,"column":66}},"198":{"start":{"line":199,"column":0},"end":{"line":199,"column":18}},"199":{"start":{"line":200,"column":0},"end":{"line":200,"column":124}},"200":{"start":{"line":201,"column":0},"end":{"line":201,"column":10}},"201":{"start":{"line":202,"column":0},"end":{"line":202,"column":12}},"202":{"start":{"line":203,"column":0},"end":{"line":203,"column":0}},"203":{"start":{"line":204,"column":0},"end":{"line":204,"column":13}},"204":{"start":{"line":205,"column":0},"end":{"line":205,"column":21}},"205":{"start":{"line":206,"column":0},"end":{"line":206,"column":29}},"206":{"start":{"line":207,"column":0},"end":{"line":207,"column":127}},"207":{"start":{"line":208,"column":0},"end":{"line":208,"column":7}},"208":{"start":{"line":209,"column":0},"end":{"line":209,"column":62}},"209":{"start":{"line":210,"column":0},"end":{"line":210,"column":15}},"210":{"start":{"line":211,"column":0},"end":{"line":211,"column":11}},"211":{"start":{"line":212,"column":0},"end":{"line":212,"column":3}},"212":{"start":{"line":213,"column":0},"end":{"line":213,"column":1}}},"s":{"0":1,"1":1,"2":1,"3":1,"4":1,"5":1,"6":1,"7":1,"8":1,"9":1,"10":1,"11":1,"12":1,"13":1,"14":1,"15":1,"16":1,"17":1,"18":1,"19":1,"20":1,"21":1,"22":1,"23":1,"24":0,"25":0,"26":0,"27":0,"28":0,"29":0,"30":0,"31":0,"32":0,"33":0,"34":0,"35":0,"36":0,"37":0,"38":0,"39":0,"40":0,"41":0,"42":0,"43":0,"44":0,"45":0,"46":0,"47":0,"48":0,"49":0,"50":0,"51":0,"52":0,"53":0,"54":0,"55":0,"56":0,"57":0,"58":0,"59":0,"60":0,"61":0,"62":0,"63":0,"64":0,"65":0,"66":0,"67":0,"68":0,"69":0,"70":0,"71":0,"72":0,"73":0,"74":0,"75":0,"76":0,"77":0,"78":0,"79":0,"80":0,"81":0,"82":0,"83":0,"84":0,"85":0,"86":0,"87":0,"88":0,"89":0,"90":0,"91":0,"92":0,"93":0,"94":0,"95":0,"96":0,"97":0,"98":0,"99":0,"100":0,"101":0,"102":0,"103":0,"104":0,"105":0,"106":0,"107":0,"108":0,"109":0,"110":0,"111":0,"112":0,"113":0,"114":0,"115":0,"116":0,"117":0,"118":0,"119":0,"120":0,"121":0,"122":0,"123":0,"124":0,"125":0,"126":0,"127":0,"128":0,"129":0,"130":0,"131":0,"132":0,"133":0,"134":0,"135":0,"136":0,"137":0,"138":0,"139":0,"140":0,"141":0,"142":0,"143":0,"144":0,"145":0,"146":0,"147":0,"148":0,"149":0,"150":0,"151":0,"152":0,"153":0,"154":0,"155":0,"156":0,"157":0,"158":0,"159":0,"160":0,"161":0,"162":0,"163":0,"164":0,"165":0,"166":0,"167":0,"168":0,"169":0,"170":0,"171":0,"172":0,"173":0,"174":0,"175":0,"176":0,"177":0,"178":0,"179":0,"180":0,"181":0,"182":0,"183":0,"184":0,"185":0,"186":0,"187":0,"188":0,"189":0,"190":0,"191":0,"192":0,"193":0,"194":0,"195":0,"196":0,"197":0,"198":0,"199":0,"200":0,"201":0,"202":0,"203":0,"204":0,"205":0,"206":0,"207":0,"208":0,"209":0,"210":0,"211":0,"212":0},"branchMap":{},"b":{},"fnMap":{"0":{"name":"CollectorForm","decl":{"start":{"line":24,"column":59},"end":{"line":213,"column":1}},"loc":{"start":{"line":24,"column":59},"end":{"line":213,"column":1}},"line":24}},"f":{"0":0}}
,"/Users/glauco.torres/git/pganalytics-v3/frontend/src/components/CollectorList.tsx": {"path":"/Users/glauco.torres/git/pganalytics-v3/frontend/src/components/CollectorList.tsx","all":false,"statementMap":{"0":{"start":{"line":1,"column":0},"end":{"line":1,"column":39}},"1":{"start":{"line":2,"column":0},"end":{"line":2,"column":69}},"2":{"start":{"line":3,"column":0},"end":{"line":3,"column":54}},"3":{"start":{"line":4,"column":0},"end":{"line":4,"column":40}},"4":{"start":{"line":5,"column":0},"end":{"line":5,"column":0}},"5":{"start":{"line":6,"column":0},"end":{"line":6,"column":46}},"6":{"start":{"line":7,"column":0},"end":{"line":7,"column":102}},"7":{"start":{"line":8,"column":0},"end":{"line":8,"column":63}},"8":{"start":{"line":9,"column":0},"end":{"line":9,"column":71}},"9":{"start":{"line":10,"column":0},"end":{"line":10,"column":0}},"10":{"start":{"line":11,"column":0},"end":{"line":11,"column":46}},"11":{"start":{"line":12,"column":0},"end":{"line":12,"column":75}},"12":{"start":{"line":13,"column":0},"end":{"line":13,"column":0}},"13":{"start":{"line":14,"column":0},"end":{"line":14,"column":19}},"14":{"start":{"line":15,"column":0},"end":{"line":15,"column":24}},"15":{"start":{"line":16,"column":0},"end":{"line":16,"column":9}},"16":{"start":{"line":17,"column":0},"end":{"line":17,"column":31}},"17":{"start":{"line":18,"column":0},"end":{"line":18,"column":19}},"18":{"start":{"line":19,"column":0},"end":{"line":19,"column":37}},"19":{"start":{"line":20,"column":0},"end":{"line":20,"column":15}},"20":{"start":{"line":21,"column":0},"end":{"line":21,"column":23}},"21":{"start":{"line":22,"column":0},"end":{"line":22,"column":5}},"22":{"start":{"line":23,"column":0},"end":{"line":23,"column":3}},"23":{"start":{"line":24,"column":0},"end":{"line":24,"column":0}},"24":{"start":{"line":25,"column":0},"end":{"line":25,"column":16}},"25":{"start":{"line":26,"column":0},"end":{"line":26,"column":12}},"26":{"start":{"line":27,"column":0},"end":{"line":27,"column":62}},"27":{"start":{"line":28,"column":0},"end":{"line":28,"column":67}},"28":{"start":{"line":29,"column":0},"end":{"line":29,"column":12}},"29":{"start":{"line":30,"column":0},"end":{"line":30,"column":5}},"30":{"start":{"line":31,"column":0},"end":{"line":31,"column":3}},"31":{"start":{"line":32,"column":0},"end":{"line":32,"column":0}},"32":{"start":{"line":33,"column":0},"end":{"line":33,"column":14}},"33":{"start":{"line":34,"column":0},"end":{"line":34,"column":12}},"34":{"start":{"line":35,"column":0},"end":{"line":35,"column":87}},"35":{"start":{"line":36,"column":0},"end":{"line":36,"column":72}},"36":{"start":{"line":37,"column":0},"end":{"line":37,"column":13}},"37":{"start":{"line":38,"column":0},"end":{"line":38,"column":88}},"38":{"start":{"line":39,"column":0},"end":{"line":39,"column":70}},"39":{"start":{"line":40,"column":0},"end":{"line":40,"column":14}},"40":{"start":{"line":41,"column":0},"end":{"line":41,"column":12}},"41":{"start":{"line":42,"column":0},"end":{"line":42,"column":5}},"42":{"start":{"line":43,"column":0},"end":{"line":43,"column":3}},"43":{"start":{"line":44,"column":0},"end":{"line":44,"column":0}},"44":{"start":{"line":45,"column":0},"end":{"line":45,"column":32}},"45":{"start":{"line":46,"column":0},"end":{"line":46,"column":12}},"46":{"start":{"line":47,"column":0},"end":{"line":47,"column":41}},"47":{"start":{"line":48,"column":0},"end":{"line":48,"column":87}},"48":{"start":{"line":49,"column":0},"end":{"line":49,"column":90}},"49":{"start":{"line":50,"column":0},"end":{"line":50,"column":12}},"50":{"start":{"line":51,"column":0},"end":{"line":51,"column":5}},"51":{"start":{"line":52,"column":0},"end":{"line":52,"column":3}},"52":{"start":{"line":53,"column":0},"end":{"line":53,"column":0}},"53":{"start":{"line":54,"column":0},"end":{"line":54,"column":10}},"54":{"start":{"line":55,"column":0},"end":{"line":55,"column":31}},"55":{"start":{"line":56,"column":0},"end":{"line":56,"column":57}},"56":{"start":{"line":57,"column":0},"end":{"line":57,"column":60}},"57":{"start":{"line":58,"column":0},"end":{"line":58,"column":52}},"58":{"start":{"line":59,"column":0},"end":{"line":59,"column":13}},"59":{"start":{"line":60,"column":0},"end":{"line":60,"column":15}},"60":{"start":{"line":61,"column":0},"end":{"line":61,"column":43}},"61":{"start":{"line":62,"column":0},"end":{"line":62,"column":101}},"62":{"start":{"line":63,"column":0},"end":{"line":63,"column":9}},"63":{"start":{"line":64,"column":0},"end":{"line":64,"column":33}},"64":{"start":{"line":65,"column":0},"end":{"line":65,"column":17}},"65":{"start":{"line":66,"column":0},"end":{"line":66,"column":17}},"66":{"start":{"line":67,"column":0},"end":{"line":67,"column":12}},"67":{"start":{"line":68,"column":0},"end":{"line":68,"column":0}},"68":{"start":{"line":69,"column":0},"end":{"line":69,"column":23}},"69":{"start":{"line":70,"column":0},"end":{"line":70,"column":72}},"70":{"start":{"line":71,"column":0},"end":{"line":71,"column":71}},"71":{"start":{"line":72,"column":0},"end":{"line":72,"column":14}},"72":{"start":{"line":73,"column":0},"end":{"line":73,"column":8}},"73":{"start":{"line":74,"column":0},"end":{"line":74,"column":0}},"74":{"start":{"line":75,"column":0},"end":{"line":75,"column":73}},"75":{"start":{"line":76,"column":0},"end":{"line":76,"column":34}},"76":{"start":{"line":77,"column":0},"end":{"line":77,"column":65}},"77":{"start":{"line":78,"column":0},"end":{"line":78,"column":16}},"78":{"start":{"line":79,"column":0},"end":{"line":79,"column":97}},"79":{"start":{"line":80,"column":0},"end":{"line":80,"column":95}},"80":{"start":{"line":81,"column":0},"end":{"line":81,"column":96}},"81":{"start":{"line":82,"column":0},"end":{"line":82,"column":103}},"82":{"start":{"line":83,"column":0},"end":{"line":83,"column":96}},"83":{"start":{"line":84,"column":0},"end":{"line":84,"column":96}},"84":{"start":{"line":85,"column":0},"end":{"line":85,"column":17}},"85":{"start":{"line":86,"column":0},"end":{"line":86,"column":18}},"86":{"start":{"line":87,"column":0},"end":{"line":87,"column":17}},"87":{"start":{"line":88,"column":0},"end":{"line":88,"column":44}},"88":{"start":{"line":89,"column":0},"end":{"line":89,"column":91}},"89":{"start":{"line":90,"column":0},"end":{"line":90,"column":101}},"90":{"start":{"line":91,"column":0},"end":{"line":91,"column":50}},"91":{"start":{"line":92,"column":0},"end":{"line":92,"column":23}},"92":{"start":{"line":93,"column":0},"end":{"line":93,"column":77}},"93":{"start":{"line":94,"column":0},"end":{"line":94,"column":51}},"94":{"start":{"line":95,"column":0},"end":{"line":95,"column":55}},"95":{"start":{"line":96,"column":0},"end":{"line":96,"column":54}},"96":{"start":{"line":97,"column":0},"end":{"line":97,"column":53}},"97":{"start":{"line":98,"column":0},"end":{"line":98,"column":55}},"98":{"start":{"line":99,"column":0},"end":{"line":99,"column":23}},"99":{"start":{"line":100,"column":0},"end":{"line":100,"column":19}},"100":{"start":{"line":101,"column":0},"end":{"line":101,"column":38}},"101":{"start":{"line":102,"column":0},"end":{"line":102,"column":25}},"102":{"start":{"line":103,"column":0},"end":{"line":103,"column":21}},"103":{"start":{"line":104,"column":0},"end":{"line":104,"column":64}},"104":{"start":{"line":105,"column":0},"end":{"line":105,"column":71}},"105":{"start":{"line":106,"column":0},"end":{"line":106,"column":21}},"106":{"start":{"line":107,"column":0},"end":{"line":107,"column":64}},"107":{"start":{"line":108,"column":0},"end":{"line":108,"column":43}},"108":{"start":{"line":109,"column":0},"end":{"line":109,"column":73}},"109":{"start":{"line":110,"column":0},"end":{"line":110,"column":30}},"110":{"start":{"line":111,"column":0},"end":{"line":111,"column":21}},"111":{"start":{"line":112,"column":0},"end":{"line":112,"column":64}},"112":{"start":{"line":113,"column":0},"end":{"line":113,"column":48}},"113":{"start":{"line":114,"column":0},"end":{"line":114,"column":21}},"114":{"start":{"line":115,"column":0},"end":{"line":115,"column":50}},"115":{"start":{"line":116,"column":0},"end":{"line":116,"column":25}},"116":{"start":{"line":117,"column":0},"end":{"line":117,"column":62}},"117":{"start":{"line":118,"column":0},"end":{"line":118,"column":56}},"118":{"start":{"line":119,"column":0},"end":{"line":119,"column":86}},"119":{"start":{"line":120,"column":0},"end":{"line":120,"column":19}},"120":{"start":{"line":121,"column":0},"end":{"line":121,"column":50}},"121":{"start":{"line":122,"column":0},"end":{"line":122,"column":67}},"122":{"start":{"line":123,"column":0},"end":{"line":123,"column":25}},"123":{"start":{"line":124,"column":0},"end":{"line":124,"column":42}},"124":{"start":{"line":125,"column":0},"end":{"line":125,"column":22}},"125":{"start":{"line":126,"column":0},"end":{"line":126,"column":27}},"126":{"start":{"line":127,"column":0},"end":{"line":127,"column":21}},"127":{"start":{"line":128,"column":0},"end":{"line":128,"column":19}},"128":{"start":{"line":129,"column":0},"end":{"line":129,"column":15}},"129":{"start":{"line":130,"column":0},"end":{"line":130,"column":18}},"130":{"start":{"line":131,"column":0},"end":{"line":131,"column":16}},"131":{"start":{"line":132,"column":0},"end":{"line":132,"column":12}},"132":{"start":{"line":133,"column":0},"end":{"line":133,"column":0}},"133":{"start":{"line":134,"column":0},"end":{"line":134,"column":37}},"134":{"start":{"line":135,"column":0},"end":{"line":135,"column":56}},"135":{"start":{"line":136,"column":0},"end":{"line":136,"column":89}},"136":{"start":{"line":137,"column":0},"end":{"line":137,"column":19}},"137":{"start":{"line":138,"column":0},"end":{"line":138,"column":24}},"138":{"start":{"line":139,"column":0},"end":{"line":139,"column":51}},"139":{"start":{"line":140,"column":0},"end":{"line":140,"column":46}},"140":{"start":{"line":141,"column":0},"end":{"line":141,"column":40}},"141":{"start":{"line":142,"column":0},"end":{"line":142,"column":44}},"142":{"start":{"line":143,"column":0},"end":{"line":143,"column":51}},"143":{"start":{"line":144,"column":0},"end":{"line":144,"column":17}},"144":{"start":{"line":145,"column":0},"end":{"line":145,"column":13}},"145":{"start":{"line":146,"column":0},"end":{"line":146,"column":20}},"146":{"start":{"line":147,"column":0},"end":{"line":147,"column":21}},"147":{"start":{"line":148,"column":0},"end":{"line":148,"column":13}},"148":{"start":{"line":149,"column":0},"end":{"line":149,"column":14}},"149":{"start":{"line":150,"column":0},"end":{"line":150,"column":8}},"150":{"start":{"line":151,"column":0},"end":{"line":151,"column":10}},"151":{"start":{"line":152,"column":0},"end":{"line":152,"column":3}},"152":{"start":{"line":153,"column":0},"end":{"line":153,"column":1}}},"s":{"0":1,"1":1,"2":1,"3":1,"4":1,"5":1,"6":0,"7":0,"8":0,"9":0,"10":0,"11":0,"12":0,"13":0,"14":0,"15":0,"16":0,"17":0,"18":0,"19":0,"20":0,"21":0,"22":0,"23":0,"24":0,"25":0,"26":0,"27":0,"28":0,"29":0,"30":0,"31":0,"32":0,"33":0,"34":0,"35":0,"36":0,"37":0,"38":0,"39":0,"40":0,"41":0,"42":0,"43":0,"44":0,"45":0,"46":0,"47":0,"48":0,"49":0,"50":0,"51":0,"52":0,"53":0,"54":0,"55":0,"56":0,"57":0,"58":0,"59":0,"60":0,"61":0,"62":0,"63":0,"64":0,"65":0,"66":0,"67":0,"68":0,"69":0,"70":0,"71":0,"72":0,"73":0,"74":0,"75":0,"76":0,"77":0,"78":0,"79":0,"80":0,"81":0,"82":0,"83":0,"84":0,"85":0,"86":0,"87":0,"88":0,"89":0,"90":0,"91":0,"92":0,"93":0,"94":0,"95":0,"96":0,"97":0,"98":0,"99":0,"100":0,"101":0,"102":0,"103":0,"104":0,"105":0,"106":0,"107":0,"108":0,"109":0,"110":0,"111":0,"112":0,"113":0,"114":0,"115":0,"116":0,"117":0,"118":0,"119":0,"120":0,"121":0,"122":0,"123":0,"124":0,"125":0,"126":0,"127":0,"128":0,"129":0,"130":0,"131":0,"132":0,"133":0,"134":0,"135":0,"136":0,"137":0,"138":0,"139":0,"140":0,"141":0,"142":0,"143":0,"144":0,"145":0,"146":0,"147":0,"148":0,"149":0,"150":0,"151":0,"152":0},"branchMap":{},"b":{},"fnMap":{"0":{"name":"CollectorList","decl":{"start":{"line":6,"column":39},"end":{"line":153,"column":1}},"loc":{"start":{"line":6,"column":39},"end":{"line":153,"column":1}},"line":6}},"f":{"0":0}}
,"/Users/glauco.torres/git/pganalytics-v3/frontend/src/components/CreateManagedInstanceForm.tsx": {"path":"/Users/glauco.torres/git/pganalytics-v3/frontend/src/components/CreateManagedInstanceForm.tsx","all":false,"statementMap":{"0":{"start":{"line":1,"column":0},"end":{"line":1,"column":39}},"1":{"start":{"line":2,"column":0},"end":{"line":2,"column":55}},"2":{"start":{"line":3,"column":0},"end":{"line":3,"column":0}},"3":{"start":{"line":4,"column":0},"end":{"line":4,"column":42}},"4":{"start":{"line":5,"column":0},"end":{"line":5,"column":38}},"5":{"start":{"line":6,"column":0},"end":{"line":6,"column":36}},"6":{"start":{"line":7,"column":0},"end":{"line":7,"column":1}},"7":{"start":{"line":8,"column":0},"end":{"line":8,"column":0}},"8":{"start":{"line":9,"column":0},"end":{"line":9,"column":112}},"9":{"start":{"line":10,"column":0},"end":{"line":10,"column":47}},"10":{"start":{"line":11,"column":0},"end":{"line":11,"column":67}},"11":{"start":{"line":12,"column":0},"end":{"line":12,"column":65}},"12":{"start":{"line":13,"column":0},"end":{"line":13,"column":60}},"13":{"start":{"line":14,"column":0},"end":{"line":14,"column":44}},"14":{"start":{"line":15,"column":0},"end":{"line":15,"column":13}},"15":{"start":{"line":16,"column":0},"end":{"line":16,"column":17}},"16":{"start":{"line":17,"column":0},"end":{"line":17,"column":15}},"17":{"start":{"line":18,"column":0},"end":{"line":18,"column":30}},"18":{"start":{"line":19,"column":0},"end":{"line":19,"column":24}},"19":{"start":{"line":20,"column":0},"end":{"line":20,"column":24}},"20":{"start":{"line":21,"column":0},"end":{"line":21,"column":4}},"21":{"start":{"line":22,"column":0},"end":{"line":22,"column":0}},"22":{"start":{"line":23,"column":0},"end":{"line":23,"column":66}},"23":{"start":{"line":24,"column":0},"end":{"line":24,"column":0}},"24":{"start":{"line":25,"column":0},"end":{"line":25,"column":88}},"25":{"start":{"line":26,"column":0},"end":{"line":26,"column":42}},"26":{"start":{"line":27,"column":0},"end":{"line":27,"column":0}},"27":{"start":{"line":28,"column":0},"end":{"line":28,"column":28}},"28":{"start":{"line":29,"column":0},"end":{"line":29,"column":28}},"29":{"start":{"line":30,"column":0},"end":{"line":30,"column":16}},"30":{"start":{"line":31,"column":0},"end":{"line":31,"column":37}},"31":{"start":{"line":32,"column":0},"end":{"line":32,"column":9}},"32":{"start":{"line":33,"column":0},"end":{"line":33,"column":12}},"33":{"start":{"line":34,"column":0},"end":{"line":34,"column":28}},"34":{"start":{"line":35,"column":0},"end":{"line":35,"column":16}},"35":{"start":{"line":36,"column":0},"end":{"line":36,"column":22}},"36":{"start":{"line":37,"column":0},"end":{"line":37,"column":9}},"37":{"start":{"line":38,"column":0},"end":{"line":38,"column":5}},"38":{"start":{"line":39,"column":0},"end":{"line":39,"column":0}},"39":{"start":{"line":40,"column":0},"end":{"line":40,"column":33}},"40":{"start":{"line":41,"column":0},"end":{"line":41,"column":23}},"41":{"start":{"line":42,"column":0},"end":{"line":42,"column":25}},"42":{"start":{"line":43,"column":0},"end":{"line":43,"column":37}},"43":{"start":{"line":44,"column":0},"end":{"line":44,"column":30}},"44":{"start":{"line":45,"column":0},"end":{"line":45,"column":24}},"45":{"start":{"line":46,"column":0},"end":{"line":46,"column":8}},"46":{"start":{"line":47,"column":0},"end":{"line":47,"column":5}},"47":{"start":{"line":48,"column":0},"end":{"line":48,"column":3}},"48":{"start":{"line":49,"column":0},"end":{"line":49,"column":0}},"49":{"start":{"line":50,"column":0},"end":{"line":50,"column":39}},"50":{"start":{"line":51,"column":0},"end":{"line":51,"column":48}},"51":{"start":{"line":52,"column":0},"end":{"line":52,"column":0}},"52":{"start":{"line":53,"column":0},"end":{"line":53,"column":32}},"53":{"start":{"line":54,"column":0},"end":{"line":54,"column":49}},"54":{"start":{"line":55,"column":0},"end":{"line":55,"column":5}},"55":{"start":{"line":56,"column":0},"end":{"line":56,"column":0}},"56":{"start":{"line":57,"column":0},"end":{"line":57,"column":36}},"57":{"start":{"line":58,"column":0},"end":{"line":58,"column":49}},"58":{"start":{"line":59,"column":0},"end":{"line":59,"column":5}},"59":{"start":{"line":60,"column":0},"end":{"line":60,"column":0}},"60":{"start":{"line":61,"column":0},"end":{"line":61,"column":53}},"61":{"start":{"line":62,"column":0},"end":{"line":62,"column":57}},"62":{"start":{"line":63,"column":0},"end":{"line":63,"column":5}},"63":{"start":{"line":64,"column":0},"end":{"line":64,"column":0}},"64":{"start":{"line":65,"column":0},"end":{"line":65,"column":43}},"65":{"start":{"line":66,"column":0},"end":{"line":66,"column":56}},"66":{"start":{"line":67,"column":0},"end":{"line":67,"column":5}},"67":{"start":{"line":68,"column":0},"end":{"line":68,"column":0}},"68":{"start":{"line":69,"column":0},"end":{"line":69,"column":43}},"69":{"start":{"line":70,"column":0},"end":{"line":70,"column":56}},"70":{"start":{"line":71,"column":0},"end":{"line":71,"column":5}},"71":{"start":{"line":72,"column":0},"end":{"line":72,"column":0}},"72":{"start":{"line":73,"column":0},"end":{"line":73,"column":24}},"73":{"start":{"line":74,"column":0},"end":{"line":74,"column":46}},"74":{"start":{"line":75,"column":0},"end":{"line":75,"column":3}},"75":{"start":{"line":76,"column":0},"end":{"line":76,"column":0}},"76":{"start":{"line":77,"column":0},"end":{"line":77,"column":38}},"77":{"start":{"line":78,"column":0},"end":{"line":78,"column":87}},"78":{"start":{"line":79,"column":0},"end":{"line":79,"column":81}},"79":{"start":{"line":80,"column":0},"end":{"line":80,"column":12}},"80":{"start":{"line":81,"column":0},"end":{"line":81,"column":5}},"81":{"start":{"line":82,"column":0},"end":{"line":82,"column":0}},"82":{"start":{"line":83,"column":0},"end":{"line":83,"column":30}},"83":{"start":{"line":84,"column":0},"end":{"line":84,"column":26}},"84":{"start":{"line":85,"column":0},"end":{"line":85,"column":9}},"85":{"start":{"line":86,"column":0},"end":{"line":86,"column":54}},"86":{"start":{"line":87,"column":0},"end":{"line":87,"column":19}},"87":{"start":{"line":88,"column":0},"end":{"line":88,"column":42}},"88":{"start":{"line":89,"column":0},"end":{"line":89,"column":35}},"89":{"start":{"line":90,"column":0},"end":{"line":90,"column":14}},"90":{"start":{"line":91,"column":0},"end":{"line":91,"column":7}},"91":{"start":{"line":92,"column":0},"end":{"line":92,"column":0}},"92":{"start":{"line":93,"column":0},"end":{"line":93,"column":88}},"93":{"start":{"line":94,"column":0},"end":{"line":94,"column":23}},"94":{"start":{"line":95,"column":0},"end":{"line":95,"column":18}},"95":{"start":{"line":96,"column":0},"end":{"line":96,"column":45}},"96":{"start":{"line":97,"column":0},"end":{"line":97,"column":45}},"97":{"start":{"line":98,"column":0},"end":{"line":98,"column":10}},"98":{"start":{"line":99,"column":0},"end":{"line":99,"column":30}},"99":{"start":{"line":100,"column":0},"end":{"line":100,"column":38}},"100":{"start":{"line":101,"column":0},"end":{"line":101,"column":30}},"101":{"start":{"line":102,"column":0},"end":{"line":102,"column":45}},"102":{"start":{"line":103,"column":0},"end":{"line":103,"column":45}},"103":{"start":{"line":104,"column":0},"end":{"line":104,"column":11}},"104":{"start":{"line":105,"column":0},"end":{"line":105,"column":8}},"105":{"start":{"line":106,"column":0},"end":{"line":106,"column":0}},"106":{"start":{"line":107,"column":0},"end":{"line":107,"column":25}},"107":{"start":{"line":108,"column":0},"end":{"line":108,"column":47}},"108":{"start":{"line":109,"column":0},"end":{"line":109,"column":70}},"109":{"start":{"line":110,"column":0},"end":{"line":110,"column":7}},"110":{"start":{"line":111,"column":0},"end":{"line":111,"column":0}},"111":{"start":{"line":112,"column":0},"end":{"line":112,"column":40}},"112":{"start":{"line":113,"column":0},"end":{"line":113,"column":25}},"113":{"start":{"line":114,"column":0},"end":{"line":114,"column":33}},"114":{"start":{"line":115,"column":0},"end":{"line":115,"column":30}},"115":{"start":{"line":116,"column":0},"end":{"line":116,"column":68}},"116":{"start":{"line":117,"column":0},"end":{"line":117,"column":14}},"117":{"start":{"line":118,"column":0},"end":{"line":118,"column":66}},"118":{"start":{"line":119,"column":0},"end":{"line":119,"column":75}},"119":{"start":{"line":120,"column":0},"end":{"line":120,"column":7}},"120":{"start":{"line":121,"column":0},"end":{"line":121,"column":21}},"121":{"start":{"line":122,"column":0},"end":{"line":122,"column":88}},"122":{"start":{"line":123,"column":0},"end":{"line":123,"column":34}},"123":{"start":{"line":124,"column":0},"end":{"line":124,"column":23}},"124":{"start":{"line":125,"column":0},"end":{"line":125,"column":15}},"125":{"start":{"line":126,"column":0},"end":{"line":126,"column":33}},"126":{"start":{"line":127,"column":0},"end":{"line":127,"column":5}},"127":{"start":{"line":128,"column":0},"end":{"line":128,"column":3}},"128":{"start":{"line":129,"column":0},"end":{"line":129,"column":0}},"129":{"start":{"line":130,"column":0},"end":{"line":130,"column":54}},"130":{"start":{"line":131,"column":0},"end":{"line":131,"column":22}},"131":{"start":{"line":132,"column":0},"end":{"line":132,"column":0}},"132":{"start":{"line":133,"column":0},"end":{"line":133,"column":26}},"133":{"start":{"line":134,"column":0},"end":{"line":134,"column":12}},"134":{"start":{"line":135,"column":0},"end":{"line":135,"column":5}},"135":{"start":{"line":136,"column":0},"end":{"line":136,"column":0}},"136":{"start":{"line":137,"column":0},"end":{"line":137,"column":20}},"137":{"start":{"line":138,"column":0},"end":{"line":138,"column":9}},"138":{"start":{"line":139,"column":0},"end":{"line":139,"column":54}},"139":{"start":{"line":140,"column":0},"end":{"line":140,"column":19}},"140":{"start":{"line":141,"column":0},"end":{"line":141,"column":42}},"141":{"start":{"line":142,"column":0},"end":{"line":142,"column":25}},"142":{"start":{"line":143,"column":0},"end":{"line":143,"column":14}},"143":{"start":{"line":144,"column":0},"end":{"line":144,"column":7}},"144":{"start":{"line":145,"column":0},"end":{"line":145,"column":0}},"145":{"start":{"line":146,"column":0},"end":{"line":146,"column":65}},"146":{"start":{"line":147,"column":0},"end":{"line":147,"column":23}},"147":{"start":{"line":148,"column":0},"end":{"line":148,"column":18}},"148":{"start":{"line":149,"column":0},"end":{"line":149,"column":45}},"149":{"start":{"line":150,"column":0},"end":{"line":150,"column":45}},"150":{"start":{"line":151,"column":0},"end":{"line":151,"column":10}},"151":{"start":{"line":152,"column":0},"end":{"line":152,"column":30}},"152":{"start":{"line":153,"column":0},"end":{"line":153,"column":22}},"153":{"start":{"line":154,"column":0},"end":{"line":154,"column":76}},"154":{"start":{"line":155,"column":0},"end":{"line":155,"column":11}},"155":{"start":{"line":156,"column":0},"end":{"line":156,"column":8}},"156":{"start":{"line":157,"column":0},"end":{"line":157,"column":0}},"157":{"start":{"line":158,"column":0},"end":{"line":158,"column":25}},"158":{"start":{"line":159,"column":0},"end":{"line":159,"column":47}},"159":{"start":{"line":160,"column":0},"end":{"line":160,"column":83}},"160":{"start":{"line":161,"column":0},"end":{"line":161,"column":7}},"161":{"start":{"line":162,"column":0},"end":{"line":162,"column":0}},"162":{"start":{"line":163,"column":0},"end":{"line":163,"column":59}},"163":{"start":{"line":164,"column":0},"end":{"line":164,"column":0}},"164":{"start":{"line":165,"column":0},"end":{"line":165,"column":19}},"165":{"start":{"line":166,"column":0},"end":{"line":166,"column":19}},"166":{"start":{"line":167,"column":0},"end":{"line":167,"column":17}},"167":{"start":{"line":168,"column":0},"end":{"line":168,"column":21}},"168":{"start":{"line":169,"column":0},"end":{"line":169,"column":19}},"169":{"start":{"line":170,"column":0},"end":{"line":170,"column":34}},"170":{"start":{"line":171,"column":0},"end":{"line":171,"column":28}},"171":{"start":{"line":172,"column":0},"end":{"line":172,"column":28}},"172":{"start":{"line":173,"column":0},"end":{"line":173,"column":8}},"173":{"start":{"line":174,"column":0},"end":{"line":174,"column":32}},"174":{"start":{"line":175,"column":0},"end":{"line":175,"column":21}},"175":{"start":{"line":176,"column":0},"end":{"line":176,"column":93}},"176":{"start":{"line":177,"column":0},"end":{"line":177,"column":15}},"177":{"start":{"line":178,"column":0},"end":{"line":178,"column":23}},"178":{"start":{"line":179,"column":0},"end":{"line":179,"column":5}},"179":{"start":{"line":180,"column":0},"end":{"line":180,"column":3}},"180":{"start":{"line":181,"column":0},"end":{"line":181,"column":0}},"181":{"start":{"line":182,"column":0},"end":{"line":182,"column":10}},"182":{"start":{"line":183,"column":0},"end":{"line":183,"column":56}},"183":{"start":{"line":184,"column":0},"end":{"line":184,"column":48}},"184":{"start":{"line":185,"column":0},"end":{"line":185,"column":69}},"185":{"start":{"line":186,"column":0},"end":{"line":186,"column":10}},"186":{"start":{"line":187,"column":0},"end":{"line":187,"column":0}},"187":{"start":{"line":188,"column":0},"end":{"line":188,"column":26}},"188":{"start":{"line":189,"column":0},"end":{"line":189,"column":11}},"189":{"start":{"line":190,"column":0},"end":{"line":190,"column":72}},"190":{"start":{"line":191,"column":0},"end":{"line":191,"column":24}},"191":{"start":{"line":192,"column":0},"end":{"line":192,"column":16}},"192":{"start":{"line":193,"column":0},"end":{"line":193,"column":14}},"193":{"start":{"line":194,"column":0},"end":{"line":194,"column":21}},"194":{"start":{"line":195,"column":0},"end":{"line":195,"column":21}},"195":{"start":{"line":196,"column":0},"end":{"line":196,"column":31}},"196":{"start":{"line":197,"column":0},"end":{"line":197,"column":33}},"197":{"start":{"line":198,"column":0},"end":{"line":198,"column":55}},"198":{"start":{"line":199,"column":0},"end":{"line":199,"column":111}},"199":{"start":{"line":200,"column":0},"end":{"line":200,"column":62}},"200":{"start":{"line":201,"column":0},"end":{"line":201,"column":13}},"201":{"start":{"line":202,"column":0},"end":{"line":202,"column":10}},"202":{"start":{"line":203,"column":0},"end":{"line":203,"column":83}},"203":{"start":{"line":204,"column":0},"end":{"line":204,"column":12}},"204":{"start":{"line":205,"column":0},"end":{"line":205,"column":0}},"205":{"start":{"line":206,"column":0},"end":{"line":206,"column":22}},"206":{"start":{"line":207,"column":0},"end":{"line":207,"column":11}},"207":{"start":{"line":208,"column":0},"end":{"line":208,"column":72}},"208":{"start":{"line":209,"column":0},"end":{"line":209,"column":20}},"209":{"start":{"line":210,"column":0},"end":{"line":210,"column":16}},"210":{"start":{"line":211,"column":0},"end":{"line":211,"column":14}},"211":{"start":{"line":212,"column":0},"end":{"line":212,"column":21}},"212":{"start":{"line":213,"column":0},"end":{"line":213,"column":25}},"213":{"start":{"line":214,"column":0},"end":{"line":214,"column":35}},"214":{"start":{"line":215,"column":0},"end":{"line":215,"column":33}},"215":{"start":{"line":216,"column":0},"end":{"line":216,"column":61}},"216":{"start":{"line":217,"column":0},"end":{"line":217,"column":111}},"217":{"start":{"line":218,"column":0},"end":{"line":218,"column":66}},"218":{"start":{"line":219,"column":0},"end":{"line":219,"column":13}},"219":{"start":{"line":220,"column":0},"end":{"line":220,"column":10}},"220":{"start":{"line":221,"column":0},"end":{"line":221,"column":91}},"221":{"start":{"line":222,"column":0},"end":{"line":222,"column":12}},"222":{"start":{"line":223,"column":0},"end":{"line":223,"column":0}},"223":{"start":{"line":224,"column":0},"end":{"line":224,"column":18}},"224":{"start":{"line":225,"column":0},"end":{"line":225,"column":11}},"225":{"start":{"line":226,"column":0},"end":{"line":226,"column":72}},"226":{"start":{"line":227,"column":0},"end":{"line":227,"column":16}},"227":{"start":{"line":228,"column":0},"end":{"line":228,"column":16}},"228":{"start":{"line":229,"column":0},"end":{"line":229,"column":14}},"229":{"start":{"line":230,"column":0},"end":{"line":230,"column":23}},"230":{"start":{"line":231,"column":0},"end":{"line":231,"column":21}},"231":{"start":{"line":232,"column":0},"end":{"line":232,"column":31}},"232":{"start":{"line":233,"column":0},"end":{"line":233,"column":33}},"233":{"start":{"line":234,"column":0},"end":{"line":234,"column":17}},"234":{"start":{"line":235,"column":0},"end":{"line":235,"column":21}},"235":{"start":{"line":236,"column":0},"end":{"line":236,"column":111}},"236":{"start":{"line":237,"column":0},"end":{"line":237,"column":62}},"237":{"start":{"line":238,"column":0},"end":{"line":238,"column":13}},"238":{"start":{"line":239,"column":0},"end":{"line":239,"column":10}},"239":{"start":{"line":240,"column":0},"end":{"line":240,"column":83}},"240":{"start":{"line":241,"column":0},"end":{"line":241,"column":12}},"241":{"start":{"line":242,"column":0},"end":{"line":242,"column":0}},"242":{"start":{"line":243,"column":0},"end":{"line":243,"column":25}},"243":{"start":{"line":244,"column":0},"end":{"line":244,"column":11}},"244":{"start":{"line":245,"column":0},"end":{"line":245,"column":72}},"245":{"start":{"line":246,"column":0},"end":{"line":246,"column":21}},"246":{"start":{"line":247,"column":0},"end":{"line":247,"column":16}},"247":{"start":{"line":248,"column":0},"end":{"line":248,"column":15}},"248":{"start":{"line":249,"column":0},"end":{"line":249,"column":28}},"249":{"start":{"line":250,"column":0},"end":{"line":250,"column":38}},"250":{"start":{"line":251,"column":0},"end":{"line":251,"column":33}},"251":{"start":{"line":252,"column":0},"end":{"line":252,"column":124}},"252":{"start":{"line":253,"column":0},"end":{"line":253,"column":9}},"253":{"start":{"line":254,"column":0},"end":{"line":254,"column":56}},"254":{"start":{"line":255,"column":0},"end":{"line":255,"column":50}},"255":{"start":{"line":256,"column":0},"end":{"line":256,"column":58}},"256":{"start":{"line":257,"column":0},"end":{"line":257,"column":44}},"257":{"start":{"line":258,"column":0},"end":{"line":258,"column":17}},"258":{"start":{"line":259,"column":0},"end":{"line":259,"column":12}},"259":{"start":{"line":260,"column":0},"end":{"line":260,"column":0}},"260":{"start":{"line":261,"column":0},"end":{"line":261,"column":35}},"261":{"start":{"line":262,"column":0},"end":{"line":262,"column":61}},"262":{"start":{"line":263,"column":0},"end":{"line":263,"column":13}},"263":{"start":{"line":264,"column":0},"end":{"line":264,"column":74}},"264":{"start":{"line":265,"column":0},"end":{"line":265,"column":22}},"265":{"start":{"line":266,"column":0},"end":{"line":266,"column":18}},"266":{"start":{"line":267,"column":0},"end":{"line":267,"column":16}},"267":{"start":{"line":268,"column":0},"end":{"line":268,"column":23}},"268":{"start":{"line":269,"column":0},"end":{"line":269,"column":34}},"269":{"start":{"line":270,"column":0},"end":{"line":270,"column":44}},"270":{"start":{"line":271,"column":0},"end":{"line":271,"column":35}},"271":{"start":{"line":272,"column":0},"end":{"line":272,"column":34}},"272":{"start":{"line":273,"column":0},"end":{"line":273,"column":113}},"273":{"start":{"line":274,"column":0},"end":{"line":274,"column":75}},"274":{"start":{"line":275,"column":0},"end":{"line":275,"column":15}},"275":{"start":{"line":276,"column":0},"end":{"line":276,"column":12}},"276":{"start":{"line":277,"column":0},"end":{"line":277,"column":107}},"277":{"start":{"line":278,"column":0},"end":{"line":278,"column":14}},"278":{"start":{"line":279,"column":0},"end":{"line":279,"column":0}},"279":{"start":{"line":280,"column":0},"end":{"line":280,"column":13}},"280":{"start":{"line":281,"column":0},"end":{"line":281,"column":74}},"281":{"start":{"line":282,"column":0},"end":{"line":282,"column":22}},"282":{"start":{"line":283,"column":0},"end":{"line":283,"column":18}},"283":{"start":{"line":284,"column":0},"end":{"line":284,"column":16}},"284":{"start":{"line":285,"column":0},"end":{"line":285,"column":27}},"285":{"start":{"line":286,"column":0},"end":{"line":286,"column":34}},"286":{"start":{"line":287,"column":0},"end":{"line":287,"column":44}},"287":{"start":{"line":288,"column":0},"end":{"line":288,"column":35}},"288":{"start":{"line":289,"column":0},"end":{"line":289,"column":34}},"289":{"start":{"line":290,"column":0},"end":{"line":290,"column":113}},"290":{"start":{"line":291,"column":0},"end":{"line":291,"column":75}},"291":{"start":{"line":292,"column":0},"end":{"line":292,"column":15}},"292":{"start":{"line":293,"column":0},"end":{"line":293,"column":12}},"293":{"start":{"line":294,"column":0},"end":{"line":294,"column":107}},"294":{"start":{"line":295,"column":0},"end":{"line":295,"column":14}},"295":{"start":{"line":296,"column":0},"end":{"line":296,"column":12}},"296":{"start":{"line":297,"column":0},"end":{"line":297,"column":0}},"297":{"start":{"line":298,"column":0},"end":{"line":298,"column":36}},"298":{"start":{"line":299,"column":0},"end":{"line":299,"column":47}},"299":{"start":{"line":300,"column":0},"end":{"line":300,"column":15}},"300":{"start":{"line":301,"column":0},"end":{"line":301,"column":23}},"301":{"start":{"line":302,"column":0},"end":{"line":302,"column":34}},"302":{"start":{"line":303,"column":0},"end":{"line":303,"column":96}},"303":{"start":{"line":304,"column":0},"end":{"line":304,"column":155}},"304":{"start":{"line":305,"column":0},"end":{"line":305,"column":9}},"305":{"start":{"line":306,"column":0},"end":{"line":306,"column":64}},"306":{"start":{"line":307,"column":0},"end":{"line":307,"column":17}},"307":{"start":{"line":308,"column":0},"end":{"line":308,"column":30}},"308":{"start":{"line":309,"column":0},"end":{"line":309,"column":66}},"309":{"start":{"line":310,"column":0},"end":{"line":310,"column":37}},"310":{"start":{"line":311,"column":0},"end":{"line":311,"column":62}},"311":{"start":{"line":312,"column":0},"end":{"line":312,"column":16}},"312":{"start":{"line":313,"column":0},"end":{"line":313,"column":10}},"313":{"start":{"line":314,"column":0},"end":{"line":314,"column":29}},"314":{"start":{"line":315,"column":0},"end":{"line":315,"column":64}},"315":{"start":{"line":316,"column":0},"end":{"line":316,"column":37}},"316":{"start":{"line":317,"column":0},"end":{"line":317,"column":62}},"317":{"start":{"line":318,"column":0},"end":{"line":318,"column":16}},"318":{"start":{"line":319,"column":0},"end":{"line":319,"column":10}},"319":{"start":{"line":320,"column":0},"end":{"line":320,"column":12}},"320":{"start":{"line":321,"column":0},"end":{"line":321,"column":0}},"321":{"start":{"line":322,"column":0},"end":{"line":322,"column":26}},"322":{"start":{"line":323,"column":0},"end":{"line":323,"column":60}},"323":{"start":{"line":324,"column":0},"end":{"line":324,"column":15}},"324":{"start":{"line":325,"column":0},"end":{"line":325,"column":23}},"325":{"start":{"line":326,"column":0},"end":{"line":326,"column":28}},"326":{"start":{"line":327,"column":0},"end":{"line":327,"column":126}},"327":{"start":{"line":328,"column":0},"end":{"line":328,"column":9}},"328":{"start":{"line":329,"column":0},"end":{"line":329,"column":60}},"329":{"start":{"line":330,"column":0},"end":{"line":330,"column":17}},"330":{"start":{"line":331,"column":0},"end":{"line":331,"column":12}},"331":{"start":{"line":332,"column":0},"end":{"line":332,"column":11}},"332":{"start":{"line":333,"column":0},"end":{"line":333,"column":3}},"333":{"start":{"line":334,"column":0},"end":{"line":334,"column":1}}},"s":{"0":1,"1":1,"2":1,"3":1,"4":1,"5":1,"6":1,"7":1,"8":1,"9":0,"10":0,"11":0,"12":0,"13":0,"14":0,"15":0,"16":0,"17":0,"18":0,"19":0,"20":0,"21":0,"22":0,"23":0,"24":0,"25":0,"26":0,"27":0,"28":0,"29":0,"30":0,"31":0,"32":0,"33":0,"34":0,"35":0,"36":0,"37":0,"38":0,"39":0,"40":0,"41":0,"42":0,"43":0,"44":0,"45":0,"46":0,"47":0,"48":0,"49":0,"50":0,"51":0,"52":0,"53":0,"54":0,"55":0,"56":0,"57":0,"58":0,"59":0,"60":0,"61":0,"62":0,"63":0,"64":0,"65":0,"66":0,"67":0,"68":0,"69":0,"70":0,"71":0,"72":0,"73":0,"74":0,"75":0,"76":0,"77":0,"78":0,"79":0,"80":0,"81":0,"82":0,"83":0,"84":0,"85":0,"86":0,"87":0,"88":0,"89":0,"90":0,"91":0,"92":0,"93":0,"94":0,"95":0,"96":0,"97":0,"98":0,"99":0,"100":0,"101":0,"102":0,"103":0,"104":0,"105":0,"106":0,"107":0,"108":0,"109":0,"110":0,"111":0,"112":0,"113":0,"114":0,"115":0,"116":0,"117":0,"118":0,"119":0,"120":0,"121":0,"122":0,"123":0,"124":0,"125":0,"126":0,"127":0,"128":0,"129":0,"130":0,"131":0,"132":0,"133":0,"134":0,"135":0,"136":0,"137":0,"138":0,"139":0,"140":0,"141":0,"142":0,"143":0,"144":0,"145":0,"146":0,"147":0,"148":0,"149":0,"150":0,"151":0,"152":0,"153":0,"154":0,"155":0,"156":0,"157":0,"158":0,"159":0,"160":0,"161":0,"162":0,"163":0,"164":0,"165":0,"166":0,"167":0,"168":0,"169":0,"170":0,"171":0,"172":0,"173":0,"174":0,"175":0,"176":0,"177":0,"178":0,"179":0,"180":0,"181":0,"182":0,"183":0,"184":0,"185":0,"186":0,"187":0,"188":0,"189":0,"190":0,"191":0,"192":0,"193":0,"194":0,"195":0,"196":0,"197":0,"198":0,"199":0,"200":0,"201":0,"202":0,"203":0,"204":0,"205":0,"206":0,"207":0,"208":0,"209":0,"210":0,"211":0,"212":0,"213":0,"214":0,"215":0,"216":0,"217":0,"218":0,"219":0,"220":0,"221":0,"222":0,"223":0,"224":0,"225":0,"226":0,"227":0,"228":0,"229":0,"230":0,"231":0,"232":0,"233":0,"234":0,"235":0,"236":0,"237":0,"238":0,"239":0,"240":0,"241":0,"242":0,"243":0,"244":0,"245":0,"246":0,"247":0,"248":0,"249":0,"250":0,"251":0,"252":0,"253":0,"254":0,"255":0,"256":0,"257":0,"258":0,"259":0,"260":0,"261":0,"262":0,"263":0,"264":0,"265":0,"266":0,"267":0,"268":0,"269":0,"270":0,"271":0,"272":0,"273":0,"274":0,"275":0,"276":0,"277":0,"278":0,"279":0,"280":0,"281":0,"282":0,"283":0,"284":0,"285":0,"286":0,"287":0,"288":0,"289":0,"290":0,"291":0,"292":0,"293":0,"294":0,"295":0,"296":0,"297":0,"298":0,"299":0,"300":0,"301":0,"302":0,"303":0,"304":0,"305":0,"306":0,"307":0,"308":0,"309":0,"310":0,"311":0,"312":0,"313":0,"314":0,"315":0,"316":0,"317":0,"318":0,"319":0,"320":0,"321":0,"322":0,"323":0,"324":0,"325":0,"326":0,"327":0,"328":0,"329":0,"330":0,"331":0,"332":0,"333":0},"branchMap":{},"b":{},"fnMap":{"0":{"name":"CreateManagedInstanceForm","decl":{"start":{"line":9,"column":83},"end":{"line":334,"column":1}},"loc":{"start":{"line":9,"column":83},"end":{"line":334,"column":1}},"line":9}},"f":{"0":0}}
,"/Users/glauco.torres/git/pganalytics-v3/frontend/src/components/CreateUserForm.tsx": {"path":"/Users/glauco.torres/git/pganalytics-v3/frontend/src/components/CreateUserForm.tsx","all":false,"statementMap":{"0":{"start":{"line":1,"column":0},"end":{"line":1,"column":39}},"1":{"start":{"line":2,"column":0},"end":{"line":2,"column":42}},"2":{"start":{"line":3,"column":0},"end":{"line":3,"column":43}},"3":{"start":{"line":4,"column":0},"end":{"line":4,"column":0}},"4":{"start":{"line":5,"column":0},"end":{"line":5,"column":31}},"5":{"start":{"line":6,"column":0},"end":{"line":6,"column":38}},"6":{"start":{"line":7,"column":0},"end":{"line":7,"column":36}},"7":{"start":{"line":8,"column":0},"end":{"line":8,"column":1}},"8":{"start":{"line":9,"column":0},"end":{"line":9,"column":0}},"9":{"start":{"line":10,"column":0},"end":{"line":10,"column":20}},"10":{"start":{"line":11,"column":0},"end":{"line":11,"column":18}},"11":{"start":{"line":12,"column":0},"end":{"line":12,"column":15}},"12":{"start":{"line":13,"column":0},"end":{"line":13,"column":18}},"13":{"start":{"line":14,"column":0},"end":{"line":14,"column":19}},"14":{"start":{"line":15,"column":0},"end":{"line":15,"column":24}},"15":{"start":{"line":16,"column":0},"end":{"line":16,"column":1}},"16":{"start":{"line":17,"column":0},"end":{"line":17,"column":0}},"17":{"start":{"line":18,"column":0},"end":{"line":18,"column":90}},"18":{"start":{"line":19,"column":0},"end":{"line":19,"column":54}},"19":{"start":{"line":20,"column":0},"end":{"line":20,"column":17}},"20":{"start":{"line":21,"column":0},"end":{"line":21,"column":14}},"21":{"start":{"line":22,"column":0},"end":{"line":22,"column":17}},"22":{"start":{"line":23,"column":0},"end":{"line":23,"column":18}},"23":{"start":{"line":24,"column":0},"end":{"line":24,"column":17}},"24":{"start":{"line":25,"column":0},"end":{"line":25,"column":4}},"25":{"start":{"line":26,"column":0},"end":{"line":26,"column":0}},"26":{"start":{"line":27,"column":0},"end":{"line":27,"column":57}},"27":{"start":{"line":28,"column":0},"end":{"line":28,"column":51}},"28":{"start":{"line":29,"column":0},"end":{"line":29,"column":83}},"29":{"start":{"line":30,"column":0},"end":{"line":30,"column":0}},"30":{"start":{"line":31,"column":0},"end":{"line":31,"column":39}},"31":{"start":{"line":32,"column":0},"end":{"line":32,"column":65}},"32":{"start":{"line":33,"column":0},"end":{"line":33,"column":0}},"33":{"start":{"line":34,"column":0},"end":{"line":34,"column":39}},"34":{"start":{"line":35,"column":0},"end":{"line":35,"column":67}},"35":{"start":{"line":36,"column":0},"end":{"line":36,"column":5}},"36":{"start":{"line":37,"column":0},"end":{"line":37,"column":0}},"37":{"start":{"line":38,"column":0},"end":{"line":38,"column":51}},"38":{"start":{"line":39,"column":0},"end":{"line":39,"column":43}},"39":{"start":{"line":40,"column":0},"end":{"line":40,"column":60}},"40":{"start":{"line":41,"column":0},"end":{"line":41,"column":5}},"41":{"start":{"line":42,"column":0},"end":{"line":42,"column":0}},"42":{"start":{"line":43,"column":0},"end":{"line":43,"column":39}},"43":{"start":{"line":44,"column":0},"end":{"line":44,"column":67}},"44":{"start":{"line":45,"column":0},"end":{"line":45,"column":5}},"45":{"start":{"line":46,"column":0},"end":{"line":46,"column":0}},"46":{"start":{"line":47,"column":0},"end":{"line":47,"column":24}},"47":{"start":{"line":48,"column":0},"end":{"line":48,"column":46}},"48":{"start":{"line":49,"column":0},"end":{"line":49,"column":3}},"49":{"start":{"line":50,"column":0},"end":{"line":50,"column":0}},"50":{"start":{"line":51,"column":0},"end":{"line":51,"column":24}},"51":{"start":{"line":52,"column":0},"end":{"line":52,"column":62}},"52":{"start":{"line":53,"column":0},"end":{"line":53,"column":8}},"53":{"start":{"line":54,"column":0},"end":{"line":54,"column":36}},"54":{"start":{"line":55,"column":0},"end":{"line":55,"column":28}},"55":{"start":{"line":56,"column":0},"end":{"line":56,"column":14}},"56":{"start":{"line":57,"column":0},"end":{"line":57,"column":20}},"57":{"start":{"line":58,"column":0},"end":{"line":58,"column":7}},"58":{"start":{"line":59,"column":0},"end":{"line":59,"column":33}},"59":{"start":{"line":60,"column":0},"end":{"line":60,"column":41}},"60":{"start":{"line":61,"column":0},"end":{"line":61,"column":28}},"61":{"start":{"line":62,"column":0},"end":{"line":62,"column":16}},"62":{"start":{"line":63,"column":0},"end":{"line":63,"column":26}},"63":{"start":{"line":64,"column":0},"end":{"line":64,"column":9}},"64":{"start":{"line":65,"column":0},"end":{"line":65,"column":5}},"65":{"start":{"line":66,"column":0},"end":{"line":66,"column":3}},"66":{"start":{"line":67,"column":0},"end":{"line":67,"column":0}},"67":{"start":{"line":68,"column":0},"end":{"line":68,"column":54}},"68":{"start":{"line":69,"column":0},"end":{"line":69,"column":22}},"69":{"start":{"line":70,"column":0},"end":{"line":70,"column":0}},"70":{"start":{"line":71,"column":0},"end":{"line":71,"column":26}},"71":{"start":{"line":72,"column":0},"end":{"line":72,"column":12}},"72":{"start":{"line":73,"column":0},"end":{"line":73,"column":5}},"73":{"start":{"line":74,"column":0},"end":{"line":74,"column":0}},"74":{"start":{"line":75,"column":0},"end":{"line":75,"column":22}},"75":{"start":{"line":76,"column":0},"end":{"line":76,"column":0}},"76":{"start":{"line":77,"column":0},"end":{"line":77,"column":9}},"77":{"start":{"line":78,"column":0},"end":{"line":78,"column":54}},"78":{"start":{"line":79,"column":0},"end":{"line":79,"col
[...]
umn":27},"end":{"line":74,"column":20}}]},"13":{"type":"branch","line":71,"loc":{"start":{"line":71,"column":20},"end":{"line":72,"column":55}},"locations":[{"start":{"line":71,"column":20},"end":{"line":72,"column":55}}]},"14":{"type":"branch","line":82,"loc":{"start":{"line":82,"column":27},"end":{"line":87,"column":20}},"locations":[{"start":{"line":82,"column":27},"end":{"line":87,"column":20}}]},"15":{"type":"branch","line":84,"loc":{"start":{"line":84,"column":20},"end":{"line":85,"column":55}},"locations":[{"start":{"line":84,"column":20},"end":{"line":85,"column":55}}]}},"b":{"0":[6],"1":[1],"2":[1],"3":[0],"4":[0],"5":[0],"6":[0],"7":[1],"8":[0],"9":[1],"10":[12],"11":[0],"12":[2],"13":[0],"14":[2],"15":[0]},"fnMap":{"0":{"name":"Dashboard","decl":{"start":{"line":15,"column":51},"end":{"line":208,"column":1}},"loc":{"start":{"line":15,"column":51},"end":{"line":208,"column":1}},"line":15},"1":{"name":"handleSecretChange","decl":{"start":{"line":24,"column":29},"end":{"line":26,"column":3}},"loc":{"start":{"line":24,"column":29},"end":{"line":26,"column":3}},"line":24},"2":{"name":"handleSuccess","decl":{"start":{"line":28,"column":24},"end":{"line":31,"column":3}},"loc":{"start":{"line":28,"column":24},"end":{"line":31,"column":3}},"line":28},"3":{"name":"className","decl":{"start":{"line":57,"column":25},"end":{"line":62,"column":18}},"loc":{"start":{"line":57,"column":25},"end":{"line":62,"column":18}},"line":57},"4":{"name":"className","decl":{"start":{"line":69,"column":27},"end":{"line":74,"column":20}},"loc":{"start":{"line":69,"column":27},"end":{"line":74,"column":20}},"line":69},"5":{"name":"className","decl":{"start":{"line":82,"column":27},"end":{"line":87,"column":20}},"loc":{"start":{"line":82,"column":27},"end":{"line":87,"column":20}},"line":82},"6":{"name":"onClick","decl":{"start":{"line":118,"column":35},"end":{"line":118,"column":74}},"loc":{"start":{"line":118,"column":35},"end":{"line":118,"column":74}},"line":118},"7":{"name":"onError","decl":{"start":{"line":154,"column":31},"end":{"line":155,"column":56}},"loc":{"start":{"line":154,"column":31},"end":{"line":155,"column":56}},"line":154},"8":{"name":"onSuccess","decl":{"start":{"line":184,"column":31},"end":{"line":188,"column":22}},"loc":{"start":{"line":184,"column":31},"end":{"line":188,"column":22}},"line":184},"9":{"name":"onError","decl":{"start":{"line":189,"column":29},"end":{"line":193,"column":22}},"loc":{"start":{"line":189,"column":29},"end":{"line":193,"column":22}},"line":189}},"f":{"0":6,"1":0,"2":0,"3":12,"4":2,"5":2,"6":0,"7":0,"8":0,"9":0}}
,"/Users/glauco.torres/git/pganalytics-v3/frontend/src/services/api.ts": {"path":"/Users/glauco.torres/git/pganalytics-v3/frontend/src/services/api.ts","all":false,"statementMap":{"0":{"start":{"line":1,"column":0},"end":{"line":1,"column":56}},"1":{"start":{"line":2,"column":0},"end":{"line":2,"column":13}},"2":{"start":{"line":3,"column":0},"end":{"line":3,"column":12}},"3":{"start":{"line":4,"column":0},"end":{"line":4,"column":27}},"4":{"start":{"line":5,"column":0},"end":{"line":5,"column":28}},"5":{"start":{"line":6,"column":0},"end":{"line":6,"column":20}},"6":{"start":{"line":7,"column":0},"end":{"line":7,"column":11}},"7":{"start":{"line":8,"column":0},"end":{"line":8,"column":16}},"8":{"start":{"line":9,"column":0},"end":{"line":9,"column":15}},"9":{"start":{"line":10,"column":0},"end":{"line":10,"column":6}},"10":{"start":{"line":11,"column":0},"end":{"line":11,"column":17}},"11":{"start":{"line":12,"column":0},"end":{"line":12,"column":0}},"12":{"start":{"line":13,"column":0},"end":{"line":13,"column":24}},"13":{"start":{"line":14,"column":0},"end":{"line":14,"column":31}},"14":{"start":{"line":15,"column":0},"end":{"line":15,"column":0}},"15":{"start":{"line":16,"column":0},"end":{"line":16,"column":44}},"16":{"start":{"line":17,"column":0},"end":{"line":17,"column":32}},"17":{"start":{"line":18,"column":0},"end":{"line":18,"column":14}},"18":{"start":{"line":19,"column":0},"end":{"line":19,"column":21}},"19":{"start":{"line":20,"column":0},"end":{"line":20,"column":16}},"20":{"start":{"line":21,"column":0},"end":{"line":21,"column":43}},"21":{"start":{"line":22,"column":0},"end":{"line":22,"column":8}},"22":{"start":{"line":23,"column":0},"end":{"line":23,"column":6}},"23":{"start":{"line":24,"column":0},"end":{"line":24,"column":0}},"24":{"start":{"line":25,"column":0},"end":{"line":25,"column":45}},"25":{"start":{"line":26,"column":0},"end":{"line":26,"column":54}},"26":{"start":{"line":27,"column":0},"end":{"line":27,"column":54}},"27":{"start":{"line":28,"column":0},"end":{"line":28,"column":18}},"28":{"start":{"line":29,"column":0},"end":{"line":29,"column":56}},"29":{"start":{"line":30,"column":0},"end":{"line":30,"column":7}},"30":{"start":{"line":31,"column":0},"end":{"line":31,"column":19}},"31":{"start":{"line":32,"column":0},"end":{"line":32,"column":6}},"32":{"start":{"line":33,"column":0},"end":{"line":33,"column":0}},"33":{"start":{"line":34,"column":0},"end":{"line":34,"column":50}},"34":{"start":{"line":35,"column":0},"end":{"line":35,"column":42}},"35":{"start":{"line":36,"column":0},"end":{"line":36,"column":29}},"36":{"start":{"line":37,"column":0},"end":{"line":37,"column":18}},"37":{"start":{"line":38,"column":0},"end":{"line":38,"column":45}},"38":{"start":{"line":39,"column":0},"end":{"line":39,"column":47}},"39":{"start":{"line":40,"column":0},"end":{"line":40,"column":41}},"40":{"start":{"line":41,"column":0},"end":{"line":41,"column":9}},"41":{"start":{"line":42,"column":0},"end":{"line":42,"column":36}},"42":{"start":{"line":43,"column":0},"end":{"line":43,"column":7}},"43":{"start":{"line":44,"column":0},"end":{"line":44,"column":5}},"44":{"start":{"line":45,"column":0},"end":{"line":45,"column":3}},"45":{"start":{"line":46,"column":0},"end":{"line":46,"column":0}},"46":{"start":{"line":47,"column":0},"end":{"line":47,"column":26}},"47":{"start":{"line":48,"column":0},"end":{"line":48,"column":35}},"48":{"start":{"line":49,"column":0},"end":{"line":49,"column":30}},"49":{"start":{"line":50,"column":0},"end":{"line":50,"column":41}},"50":{"start":{"line":51,"column":0},"end":{"line":51,"column":9}},"51":{"start":{"line":52,"column":0},"end":{"line":52,"column":73}},"52":{"start":{"line":53,"column":0},"end":{"line":53,"column":31}},"53":{"start":{"line":54,"column":0},"end":{"line":54,"column":13}},"54":{"start":{"line":55,"column":0},"end":{"line":55,"column":9}},"55":{"start":{"line":56,"column":0},"end":{"line":56,"column":20}},"56":{"start":{"line":57,"column":0},"end":{"line":57,"column":56}},"57":{"start":{"line":58,"column":0},"end":{"line":58,"column":12}},"58":{"start":{"line":59,"column":0},"end":{"line":59,"column":9}},"59":{"start":{"line":60,"column":0},"end":{"line":60,"column":7}},"60":{"start":{"line":61,"column":0},"end":{"line":61,"column":26}},"61":{"start":{"line":62,"column":0},"end":{"line":62,"column":21}},"62":{"start":{"line":63,"column":0},"end":{"line":63,"column":35}},"63":{"start":{"line":64,"column":0},"end":{"line":64,"column":5}},"64":{"start":{"line":65,"column":0},"end":{"line":65,"column":3}},"65":{"start":{"line":66,"column":0},"end":{"line":66,"column":0}},"66":{"start":{"line":67,"column":0},"end":{"line":67,"column":23}},"67":{"start":{"line":68,"column":0},"end":{"line":68,"column":21}},"68":{"start":{"line":69,"column":0},"end":{"line":69,"column":25}},"69":{"start":{"line":70,"column":0},"end":{"line":70,"column":44}},"70":{"start":{"line":71,"column":0},"end":{"line":71,"column":9}},"71":{"start":{"line":72,"column":0},"end":{"line":72,"column":75}},"72":{"start":{"line":73,"column":0},"end":{"line":73,"column":22}},"73":{"start":{"line":74,"column":0},"end":{"line":74,"column":9}},"74":{"start":{"line":75,"column":0},"end":{"line":75,"column":48}},"75":{"start":{"line":76,"column":0},"end":{"line":76,"column":9}},"76":{"start":{"line":77,"column":0},"end":{"line":77,"column":7}},"77":{"start":{"line":78,"column":0},"end":{"line":78,"column":26}},"78":{"start":{"line":79,"column":0},"end":{"line":79,"column":21}},"79":{"start":{"line":80,"column":0},"end":{"line":80,"column":35}},"80":{"start":{"line":81,"column":0},"end":{"line":81,"column":5}},"81":{"start":{"line":82,"column":0},"end":{"line":82,"column":3}},"82":{"start":{"line":83,"column":0},"end":{"line":83,"column":0}},"83":{"start":{"line":84,"column":0},"end":{"line":84,"column":54}},"84":{"start":{"line":85,"column":0},"end":{"line":85,"column":9}},"85":{"start":{"line":86,"column":0},"end":{"line":86,"column":76}},"86":{"start":{"line":87,"column":0},"end":{"line":87,"column":26}},"87":{"start":{"line":88,"column":0},"end":{"line":88,"column":21}},"88":{"start":{"line":89,"column":0},"end":{"line":89,"column":35}},"89":{"start":{"line":90,"column":0},"end":{"line":90,"column":5}},"90":{"start":{"line":91,"column":0},"end":{"line":91,"column":3}},"91":{"start":{"line":92,"column":0},"end":{"line":92,"column":0}},"92":{"start":{"line":93,"column":0},"end":{"line":93,"column":52}},"93":{"start":{"line":94,"column":0},"end":{"line":94,"column":9}},"94":{"start":{"line":95,"column":0},"end":{"line":95,"column":51}},"95":{"start":{"line":96,"column":0},"end":{"line":96,"column":21}},"96":{"start":{"line":97,"column":0},"end":{"line":97,"column":35}},"97":{"start":{"line":98,"column":0},"end":{"line":98,"column":5}},"98":{"start":{"line":99,"column":0},"end":{"line":99,"column":3}},"99":{"start":{"line":100,"column":0},"end":{"line":100,"column":0}},"100":{"start":{"line":101,"column":0},"end":{"line":101,"column":81}},"101":{"start":{"line":102,"column":0},"end":{"line":102,"column":9}},"102":{"start":{"line":103,"column":0},"end":{"line":103,"column":78}},"103":{"start":{"line":104,"column":0},"end":{"line":104,"column":17}},"104":{"start":{"line":105,"column":0},"end":{"line":105,"column":13}},"105":{"start":{"line":106,"column":0},"end":{"line":106,"column":8}},"106":{"start":{"line":107,"column":0},"end":{"line":107,"column":36}},"107":{"start":{"line":108,"column":0},"end":{"line":108,"column":21}},"108":{"start":{"line":109,"column":0},"end":{"line":109,"column":18}},"109":{"start":{"line":110,"column":0},"end":{"line":110,"column":5}},"110":{"start":{"line":111,"column":0},"end":{"line":111,"column":3}},"111":{"start":{"line":112,"column":0},"end":{"line":112,"column":0}},"112":{"start":{"line":113,"column":0},"end":{"line":113,"column":60}},"113":{"start":{"line":114,"column":0},"end":{"line":114,"column":9}},"114":{"start":{"line":115,"column":0},"end":{"line":115,"column":81}},"115":{"start":{"line":116,"column":0},"end":{"line":116,"column":25}},"116":{"start":{"line":117,"column":0},"end":{"line":117,"column":32}},"117":{"start":{"line":118,"column":0},"end":{"line":118,"column":63}},"118":{"start":{"line":119,"column":0},"end":{"line":119,"column":74}},"119":{"start":{"line":120,"column":0},"end":{"line":120,"column":72}},"120":{"start":{"line":121,"column":0},"end":{"line":121,"column":7}},"121":{"start":{"line":122,"column":0},"end":{"line":122,"column":26}},"122":{"start":{"line":123,"column":0},"end":{"line":123,"column":21}},"123":{"start":{"line":124,"column":0},"end":{"line":124,"column":35}},"124":{"start":{"line":125,"column":0},"end":{"line":125,"column":5}},"125":{"start":{"line":126,"column":0},"end":{"line":126,"column":3}},"126":{"start":{"line":127,"column":0},"end":{"line":127,"column":0}},"127":{"start":{"line":128,"column":0},"end":{"line":128,"column":74}},"128":{"start":{"line":129,"column":0},"end":{"line":129,"column":9}},"129":{"start":{"line":130,"column":0},"end":{"line":130,"column":76}},"130":{"start":{"line":131,"column":0},"end":{"line":131,"column":17}},"131":{"start":{"line":132,"column":0},"end":{"line":132,"column":17}},"132":{"start":{"line":133,"column":0},"end":{"line":133,"column":8}},"133":{"start":{"line":134,"column":0},"end":{"line":134,"column":25}},"134":{"start":{"line":135,"column":0},"end":{"line":135,"column":32}},"135":{"start":{"line":136,"column":0},"end":{"line":136,"column":63}},"136":{"start":{"line":137,"column":0},"end":{"line":137,"column":74}},"137":{"start":{"line":138,"column":0},"end":{"line":138,"column":72}},"138":{"start":{"line":139,"column":0},"end":{"line":139,"column":7}},"139":{"start":{"line":140,"column":0},"end":{"line":140,"column":26}},"140":{"start":{"line":141,"column":0},"end":{"line":141,"column":21}},"141":{"start":{"line":142,"column":0},"end":{"line":142,"column":35}},"142":{"start":{"line":143,"column":0},"end":{"line":143,"column":5}},"143":{"start":{"line":144,"column":0},"end":{"line":144,"column":3}},"144":{"start":{"line":145,"column":0},"end":{"line":145,"column":0}},"145":{"start":{"line":146,"column":0},"end":{"line":146,"column":33}},"146":{"start":{"line":147,"column":0},"end":{"line":147,"column":41}},"147":{"start":{"line":148,"column":0},"end":{"line":148,"column":44}},"148":{"start":{"line":149,"column":0},"end":{"line":149,"column":35}},"149":{"start":{"line":150,"column":0},"end":{"line":150,"column":3}},"150":{"start":{"line":151,"column":0},"end":{"line":151,"column":0}},"151":{"start":{"line":152,"column":0},"end":{"line":152,"column":33}},"152":{"start":{"line":153,"column":0},"end":{"line":153,"column":45}},"153":{"start":{"line":154,"column":0},"end":{"line":154,"column":41}},"154":{"start":{"line":155,"column":0},"end":{"line":155,"column":3}},"155":{"start":{"line":156,"column":0},"end":{"line":156,"column":0}},"156":{"start":{"line":157,"column":0},"end":{"line":157,"column":29}},"157":{"start":{"line":158,"column":0},"end":{"line":158,"column":45}},"158":{"start":{"line":159,"column":0},"end":{"line":159,"column":3}},"159":{"start":{"line":160,"column":0},"end":{"line":160,"column":0}},"160":{"start":{"line":161,"column":0},"end":{"line":161,"column":24}},"161":{"start":{"line":162,"column":0},"end":{"line":162,"column":52}},"162":{"start":{"line":163,"column":0},"end":{"line":163,"column":3}},"163":{"start":{"line":164,"column":0},"end":{"line":164,"column":0}},"164":{"start":{"line":165,"column":0},"end":{"line":165,"column":30}},"165":{"start":{"line":166,"column":0},"end":{"line":166,"column":47}},"166":{"start":{"line":167,"column":0},"end":{"line":167,"column":3}},"167":{"start":{"line":168,"column":0},"end":{"line":168,"column":0}},"168":{"start":{"line":169,"column":0},"end":{"line":169,"column":49}},"169":{"start":{"line":170,"column":0},"end":{"line":170,"column":36}},"170":{"start":{"line":171,"column":0},"end":{"line":171,"column":54}},"171":{"start":{"line":172,"column":0},"end":{"line":172,"column":14}},"172":{"start":{"line":173,"column":0},"end":{"line":173,"column":69}},"173":{"start":{"line":174,"column":0},"end":{"line":174,"column":52}},"174":{"start":{"line":175,"column":0},"end":{"line":175,"column":49}},"175":{"start":{"line":176,"column":0},"end":{"line":176,"column":7}},"176":{"start":{"line":177,"column":0},"end":{"line":177,"column":5}},"177":{"start":{"line":178,"column":0},"end":{"line":178,"column":12}},"178":{"start":{"line":179,"column":0},"end":{"line":179,"column":46}},"179":{"start":{"line":180,"column":0},"end":{"line":180,"column":5}},"180":{"start":{"line":181,"column":0},"end":{"line":181,"column":3}},"181":{"start":{"line":182,"column":0},"end":{"line":182,"column":1}},"182":{"start":{"line":183,"column":0},"end":{"line":183,"column":0}},"183":{"start":{"line":184,"column":0},"end":{"line":184,"column":40}}},"s":{"0":1,"1":1,"2":1,"3":1,"4":1,"5":1,"6":1,"7":1,"8":1,"9":1,"10":1,"11":1,"12":1,"13":1,"14":1,"15":1,"16":1,"17":1,"18":1,"19":1,"20":1,"21":1,"22":1,"23":1,"24":1,"25":1,"26":0,"27":0,"28":0,"29":0,"30":0,"31":1,"32":1,"33":1,"34":1,"35":1,"36":1,"37":0,"38":0,"39":0,"40":0,"41":0,"42":0,"43":1,"44":1,"45":1,"46":1,"47":0,"48":0,"49":0,"50":0,"51":0,"52":0,"53":0,"54":0,"55":0,"56":0,"57":0,"58":0,"59":0,"60":0,"61":0,"62":0,"63":0,"64":0,"65":1,"66":1,"67":0,"68":0,"69":0,"70":0,"71":0,"72":0,"73":0,"74":0,"75":0,"76":0,"77":0,"78":0,"79":0,"80":0,"81":0,"82":1,"83":1,"84":0,"85":0,"86":0,"87":0,"88":0,"89":0,"90":0,"91":1,"92":1,"93":0,"94":0,"95":0,"96":0,"97":0,"98":0,"99":1,"100":1,"101":0,"102":0,"103":0,"104":0,"105":0,"106":0,"107":0,"108":0,"109":0,"110":0,"111":1,"112":1,"113":0,"114":0,"115":0,"116":0,"117":0,"118":0,"119":0,"120":0,"121":0,"122":0,"123":0,"124":0,"125":0,"126":1,"127":1,"128":0,"129":0,"130":0,"131":0,"132":0,"133":0,"134":0,"135":0,"136":0,"137":0,"138":0,"139":0,"140":0,"141":0,"142":0,"143":0,"144":1,"145":1,"146":0,"147":0,"148":0,"149":0,"150":1,"151":1,"152":0,"153":0,"154":0,"155":1,"156":1,"157":0,"158":0,"159":1,"160":1,"161":0,"162":0,"163":1,"164":1,"165":0,"166":0,"167":1,"168":1,"169":0,"170":0,"171":0,"172":0,"173":0,"174":0,"175":0,"176":0,"177":0,"178":0,"179":0,"180":0,"181":1,"182":1,"183":1},"branchMap":{"0":{"type":"branch","line":14,"loc":{"start":{"line":14,"column":10},"end":{"line":14,"column":31}},"locations":[{"start":{"line":14,"column":10},"end":{"line":14,"column":31}}]},"1":{"type":"branch","line":16,"loc":{"start":{"line":16,"column":2},"end":{"line":45,"column":3}},"locations":[{"start":{"line":16,"column":2},"end":{"line":45,"column":3}}]}},"b":{"0":[1],"1":[1]},"fnMap":{"0":{"name":"<instance_members_initializer>","decl":{"start":{"line":14,"column":10},"end":{"line":14,"column":31}},"loc":{"start":{"line":14,"column":10},"end":{"line":14,"column":31}},"line":14},"1":{"name":"ApiClient","decl":{"start":{"line":16,"column":2},"end":{"line":45,"column":3}},"loc":{"start":{"line":16,"column":2},"end":{"line":45,"column":3}},"line":16},"2":{"name":"registerCollector","decl":{"start":{"line":47,"column":2},"end":{"line":65,"column":3}},"loc":{"start":{"line":47,"column":2},"end":{"line":65,"column":3}},"line":47},"3":{"name":"listCollectors","decl":{"start":{"line":67,"column":2},"end":{"line":82,"column":3}},"loc":{"start":{"line":67,"column":2},"end":{"line":82,"column":3}},"line":67},"4":{"name":"getCollector","decl":{"start":{"line":84,"column":2},"end":{"line":91,"column":3}},"loc":{"start":{"line":84,"column":2},"end":{"line":91,"column":3}},"line":84},"5":{"name":"deleteCollector","decl":{"start":{"line":93,"column":2},"end":{"line":99,"column":3}},"loc":{"start":{"line":93,"column":2},"end":{"line":99,"column":3}},"line":93},"6":{"name":"testConnection","decl":{"start":{"line":101,"column":2},"end":{"line":111,"column":3}},"loc":{"start":{"line":101,"column":2},"end":{"line":111,"column":3}},"line":101},"7":{"name":"signup","decl":{"start":{"line":113,"column":2},"end":{"line":126,"column":3}},"loc":{"start":{"line":113,"column":2},"end":{"line":126,"column":3}},"line":113},"8":{"name":"login","decl":{"start":{"line":128,"column":2},"end":{"line":144,"column":3}},"loc":{"start":{"line":128,"column":2},"end":{"line":144,"column":3}},"line":128},"9":{"name":"logout","decl":{"start":{"line":146,"column":2},"end":{"line":150,"column":3}},"loc":{"start":{"line":146,"column":2},"end":{"line":150,"column":3}},"line":146},"10":{"name":"getCurrentUser","decl":{"start":{"line":152,"column":2},"end":{"line":155,"column":3}},"loc":{"start":{"line":152,"column":2},"end":{"line":155,"column":3}},"line":152},"11":{"name":"getToken","decl":{"start":{"line":157,"column":2},"end":{"line":159,"column":3}},"loc":{"start":{"line":157,"column":2},"end":{"line":159,"column":3}},"line":157},"12":{"name":"getBaseURL","decl":{"start":{"line":161,"column":2},"end":{"line":163,"column":3}},"loc":{"start":{"line":161,"column":2},"end":{"line":163,"column":3}},"line":161},"13":{"name":"isAuthenticated","decl":{"start":{"line":165,"column":2},"end":{"line":167,"column":3}},"loc":{"start":{"line":165,"column":2},"end":{"line":167,"column":3}},"line":165},"14":{"name":"handleError","decl":{"start":{"line":169,"column":10},"end":{"line":181,"column":3}},"loc":{"start":{"line":169,"column":10},"end":{"line":181,"column":3}},"line":169}},"f":{"0":1,"1":1,"2":0,"3":0,"4":0,"5":0,"6":0,"7":0,"8":0,"9":0,"10":0,"11":0,"12":0,"13":0,"14":0}}
}
